
Gurobi 11.0.0 (win64) logging started Fri Sep  6 02:49:05 2024

Set parameter LogFile to value "gurobi_1_1pdp.log"
Gurobi Optimizer version 11.0.0 build v11.0.0rc2 (win64 - Windows 11+.0 (22631.2))

CPU model: 13th Gen Intel(R) Core(TM) i7-13650HX, instruction set [SSE2|AVX|AVX2]
Thread count: 14 physical cores, 20 logical processors, using up to 20 threads

Optimize a model with 273 rows, 981 columns and 3051 nonzeros
Model fingerprint: 0xbf1d9e32
Model has 1638 quadratic constraints
Model has 54 general constraints
Variable types: 162 continuous, 819 integer (819 binary)
Coefficient statistics:
  Matrix range     [1e+00, 1e+00]
  QMatrix range    [1e+00, 1e+00]
  QLMatrix range   [1e+00, 4e+01]
  Objective range  [1e+00, 4e+01]
  Bounds range     [1e+00, 1e+02]
  RHS range        [1e+00, 3e+01]
  GenCon const rng [7e+01, 1e+02]
Presolve added 221 rows and 0 columns
Presolve removed 0 rows and 57 columns
Presolve time: 0.04s
Presolved: 3806 rows, 3804 columns, 12864 nonzeros
Presolved model has 1632 SOS constraint(s)
Variable types: 2172 continuous, 1632 integer (1632 binary)
Root relaxation presolved: 2990 rows, 2988 columns, 25563 nonzeros


Use crossover to convert LP symmetric solution to basic solution...

Root relaxation: objective 1.336000e+02, 150 iterations, 0.06 seconds (0.05 work units)

    Nodes    |    Current Node    |     Objective Bounds      |     Work
 Expl Unexpl |  Obj  Depth IntInf | Incumbent    BestBd   Gap | It/Node Time

     0     0  133.60000    0  124          -  133.60000      -     -    1s
     0     0  135.61667    0  188          -  135.61667      -     -    1s
     0     0  136.26667    0  162          -  136.26667      -     -    1s
     0     0  136.70000    0  119          -  136.70000      -     -    1s
     0     0  136.70000    0  119          -  136.70000      -     -    1s
     0     0  136.70000    0   95          -  136.70000      -     -    3s
     0     0  136.70000    0  130          -  136.70000      -     -    3s
     0     0  136.70000    0  136          -  136.70000      -     -    4s
     0     0  136.82500    0  136          -  136.82500      -     -    4s
     0     2  137.80000    0   98          -  137.80000      -     -    4s
     7    16  137.80000    3  162          -  137.80000      -  46.0    5s
  2272  1980  154.58727   30   92          -  143.50000      -  27.9   10s
  2283  1988  145.40000   21   56          -  143.50000      -  27.7   15s
  4736  3504  145.55000   20   55          -  145.20000      -  26.9   20s
* 7464  4741              52     233.1000000  145.85000  37.4%  24.4   23s
H 8218  5115                     230.1000000  145.98692  36.6%  24.1   24s
H 8295  5111                     226.9000000  146.00000  35.7%  24.1   24s
  8318  5284  149.83750   19  120  226.90000  146.02500  35.6%  24.1   25s
H 8330  5282                     226.8000000  146.02500  35.6%  24.1   25s
H 8356  5273                     222.6000000  146.03333  34.4%  24.1   25s
H 8382  5269                     221.5000000  146.05000  34.1%  24.1   25s
H 8600  5347                     218.8000000  146.12500  33.2%  24.3   25s
  8951  5916  147.73333   23  112  218.80000  146.27778  33.1%  24.5   30s
 12317  8745  148.10000   24   12  218.80000  146.72680  32.9%  24.9   35s
 17070 13049  147.52800   29   29  218.80000  147.50000  32.6%  25.9   40s
 21574 16702  147.88000   13   24  218.80000  147.80000  32.4%  26.2   45s
 24983 19385  148.10000   29   14  218.80000  148.10000  32.3%  26.3   51s
 29544 23070 infeasible   48       218.80000  148.30000  32.2%  26.2   56s
*33364 24503              56     200.3000000  148.60000  25.8%  26.1   59s
 33692 25466  158.55000   34  124  200.30000  148.70000  25.8%  26.2   60s
H34931 26234                     197.9000000  148.80000  24.8%  26.2   62s
H35029 25645                     193.8000000  148.80197  23.2%  26.2   62s
H35464 25529                     193.0000000  148.85000  22.9%  26.2   62s
H35834 24863                     189.9000000  148.85000  21.6%  26.2   62s
H38052 25724                     187.5000000  149.05714  20.5%  26.1   65s
H38880 25781                     187.2000000  149.10000  20.4%  26.2   69s
 39075 25781  162.05000   41  100  187.20000  149.10000  20.4%  26.2   70s
H39078 25706                     186.9000000  149.10000  20.2%  26.2   70s
 40536 27665  152.60000   27   55  186.90000  149.40000  20.1%  26.4   75s
 42843 29116  149.60000   36    6  186.90000  149.60000  20.0%  26.5   80s
 45960 30888 infeasible   24       186.90000  149.90000  19.8%  26.5   85s
 48904 32669  151.98140   33   56  186.90000  150.20000  19.6%  26.6   90s
 52056 34424  150.80000   33   14  186.90000  150.40000  19.5%  26.5   96s
 55281 36230 infeasible   36       186.90000  150.70000  19.4%  26.4  101s
 58479 37958  150.97778   31   28  186.90000  150.97778  19.2%  26.4  107s
 60134 38829  153.00000   41   16  186.90000  151.10000  19.2%  26.3  110s
 62589 40031  157.11187   39  205  186.90000  151.25000  19.1%  26.3  116s
 65437 41642  155.12222   31   38  186.90000  151.55500  18.9%  26.5  121s
 66936 42416 infeasible   45       186.90000  151.70000  18.8%  26.5  125s
 70278 43982  155.00000   32   12  186.90000  152.01806  18.7%  26.5  132s
 72119 44590  185.49000   32   25  186.90000  152.20000  18.6%  26.5  135s
 75009 45528  155.16667   29   25  186.90000  152.30000  18.5%  26.3  140s
 77305 46998  177.33333   41   78  186.90000  152.58182  18.4%  26.3  145s
 80559 48592  156.91000   27   21  186.90000  152.89199  18.2%  26.3  153s
 82171 49438  166.83333   30  112  186.90000  152.95000  18.2%  26.3  157s
 83971 50121  158.30000   44   52  186.90000  153.10000  18.1%  26.3  160s
 87389 51590  153.30000   24    8  186.90000  153.30000  18.0%  26.2  167s
 88903 52357  155.49545   32  196  186.90000  153.42900  17.9%  26.2  170s
 91552 53356  156.53562   50  224  186.90000  153.65000  17.8%  26.1  177s
 93095 53950  154.41579   27   77  186.90000  153.75000  17.7%  26.1  180s
 95137 54751  153.84286   39   22  186.90000  153.84286  17.7%  26.0  185s
 98533 55976 infeasible   24       186.90000  154.05900  17.6%  25.8  193s
 100385 56509  155.68947   28   32  186.90000  154.15556  17.5%  25.7  197s
 101955 57169  154.90000   29  101  186.90000  154.25000  17.5%  25.6  202s
 104151 57756 infeasible   30       186.90000  154.37917  17.4%  25.5  208s
 105899 58273  165.57941   33   82  186.90000  154.48750  17.3%  25.4  213s
 107282 58809  168.70000   30   47  186.90000  154.61892  17.3%  25.4  218s
 108697 59444  154.93043   36  126  186.90000  154.70833  17.2%  25.3  223s
 110515 59948  166.68421   28   61  186.90000  154.84815  17.1%  25.3  228s
*110591 59874              46     186.8000000  154.84815  17.1%  25.3  228s
H111982 60209                     186.5000000  154.98824  16.9%  25.2  234s
H112069 59760                     186.0000000  154.99459  16.7%  25.2  234s
 113375 59920  156.61429   31  105  186.00000  155.03889  16.6%  25.2  238s
 114017 60412  155.10000   38    4  186.00000  155.10000  16.6%  25.2  243s
 115641 61025  156.56000   37   27  186.00000  155.25000  16.5%  25.1  249s
 117336 61623  155.40000   37    7  186.00000  155.40000  16.5%  25.1  254s
 119408 62085  155.50000   36    6  186.00000  155.50000  16.4%  25.0  259s
 121061 62657 infeasible   37       186.00000  155.60000  16.3%  24.9  264s
 122934 62657  155.75000   37   81  186.00000  155.65500  16.3%  24.8  265s
 124629 63283     cutoff   41       186.00000  155.90000  16.2%  24.8  273s
 125621 63606  165.50000   36   34  186.00000  155.97500  16.1%  24.7  278s
 127022 63965     cutoff   37       186.00000  156.12500  16.1%  24.7  282s
 128534 64369  169.40500   68  138  186.00000  156.30000  16.0%  24.7  288s
 129939 64857  169.12500   35  118  186.00000  156.41684  15.9%  24.7  294s
 131339 64857  156.83750   45   20  186.00000  156.46000  15.9%  24.7  295s
 131789 65260  158.53182   43  150  186.00000  156.61667  15.8%  24.7  300s
 133370 65755 infeasible   24       186.00000  156.77143  15.7%  24.7  305s
 134862 66117 infeasible   33       186.00000  156.93926  15.6%  24.7  310s
 136226 66650  158.60000   42   10  186.00000  157.04627  15.6%  24.7  316s
 137750 67079  157.39655   38   87  186.00000  157.16000  15.5%  24.6  323s
 139595 67536  162.76000   24   26  186.00000  157.30000  15.4%  24.6  329s
 141121 67846  175.10000   49   61  186.00000  157.40000  15.4%  24.6  335s
 142657 68264  157.50000   35   12  186.00000  157.50000  15.3%  24.6  341s
 144181 68739  164.48250   35   63  186.00000  157.63333  15.3%  24.6  348s
 146019 69189  174.90000   40   33  186.00000  157.73529  15.2%  24.5  354s
 147671 69682  159.20000   51   17  186.00000  157.87972  15.1%  24.5  360s
 149194 70237 infeasible   44       186.00000  157.96667  15.1%  24.5  367s
 150974 70606 infeasible   26       186.00000  158.07778  15.0%  24.5  373s
 152567 70956  158.70000   47   13  186.00000  158.17143  15.0%  24.5  380s
 154045 71466  160.36667   52  154  186.00000  158.25000  14.9%  24.5  386s
 155574 72037  158.85556   47   22  186.00000  158.36667  14.9%  24.5  393s
 157470 72497  158.48000   43   21  186.00000  158.48000  14.8%  24.5  399s
 159098 72929  158.53000   22   22  186.00000  158.53000  14.8%  24.4  405s
 161035 73338  159.32800   48   36  186.00000  158.68333  14.7%  24.4  412s
 162494 73676  158.93000   41   23  186.00000  158.75000  14.7%  24.4  418s
 164101 73870 infeasible   25       186.00000  158.84286  14.6%  24.4  423s
 165171 74361  174.80000   41   16  186.00000  158.92222  14.6%  24.4  430s

Cutting planes:
  Gomory: 25
  Lift-and-project: 130
  Cover: 28
  Implied bound: 256
  Projected implied bound: 3
  MIR: 20
  StrongCG: 1
  Flow cover: 93
  Zero half: 671
  RLT: 15
  Relax-and-lift: 91

Explored 167569 nodes (4079538 simplex iterations) in 434.32 seconds (131.83 work units)
Thread count was 20 (of 20 available processors)

Solution count 10: 186 186.5 186.8 ... 197.9

Solve interrupted
Best objective 1.860000000000e+02, best bound 1.591000000000e+02, gap 14.4624%
