
Gurobi 11.0.0 (win64) logging started Wed Sep  4 11:42:16 2024

Set parameter LogFile to value "CVRP1-2.log"
Set parameter MIPGap to value 0
Gurobi Optimizer version 11.0.0 build v11.0.0rc2 (win64 - Windows 11+.0 (22631.2))

CPU model: 13th Gen Intel(R) Core(TM) i7-13650HX, instruction set [SSE2|AVX|AVX2]
Thread count: 14 physical cores, 20 logical processors, using up to 20 threads

Optimize a model with 741 rows, 771 columns and 4185 nonzeros
Model fingerprint: 0xc67ad54b
Variable types: 51 continuous, 720 integer (720 binary)
Coefficient statistics:
  Matrix range     [1e+00, 2e+02]
  Objective range  [7e+00, 6e+01]
  Bounds range     [1e+00, 1e+02]
  RHS range        [1e+00, 2e+02]
Presolve removed 0 rows and 6 columns
Presolve time: 0.01s
Presolved: 741 rows, 765 columns, 8284 nonzeros
Variable types: 45 continuous, 720 integer (720 binary)

Root relaxation: objective 1.962400e+02, 66 iterations, 0.00 seconds (0.00 work units)

    Nodes    |    Current Node    |     Objective Bounds      |     Work
 Expl Unexpl |  Obj  Depth IntInf | Incumbent    BestBd   Gap | It/Node Time

     0     0  196.24000    0   30          -  196.24000      -     -    0s
     0     0  198.26629    0   46          -  198.26629      -     -    0s
     0     0  203.87982    0   42          -  203.87982      -     -    0s
     0     0  203.87982    0   42          -  203.87982      -     -    0s
H    0     0                     478.6900000  203.87982  57.4%     -    0s
     0     0  210.84000    0   41  478.69000  210.84000  56.0%     -    0s
H    0     0                     452.8500000  210.84000  53.4%     -    0s
     0     0  210.84000    0   34  452.85000  210.84000  53.4%     -    0s
     0     0  210.84000    0   33  452.85000  210.84000  53.4%     -    0s
     0     0  214.98000    0   38  452.85000  214.98000  52.5%     -    0s
     0     0  214.98000    0   30  452.85000  214.98000  52.5%     -    0s
     0     0  214.98000    0   46  452.85000  214.98000  52.5%     -    0s
H    0     0                     394.5200000  214.98000  45.5%     -    0s
     0     0  214.98000    0   40  394.52000  214.98000  45.5%     -    0s
     0     0  214.98000    0   32  394.52000  214.98000  45.5%     -    0s
     0     0  214.98000    0   30  394.52000  214.98000  45.5%     -    0s
     0     0  214.98000    0   30  394.52000  214.98000  45.5%     -    0s
     0     0  214.98000    0   30  394.52000  214.98000  45.5%     -    0s
     0     2  215.06181    0   30  394.52000  215.06181  45.5%     -    0s
H   30    44                     383.4800000  215.06181  43.9%  50.6    0s
H   33    44                     366.0800000  215.06181  41.3%  47.7    0s
H   36    44                     363.0100000  215.06181  40.8%  46.9    0s
H   71    86                     340.9100000  215.06181  36.9%  37.6    0s
H   73    86                     303.9000000  215.06181  29.2%  37.6    0s
H   80    86                     288.9900000  215.06181  25.6%  36.2    0s
H  416   421                     282.5000000  215.06181  23.9%  18.4    0s
H 2474  1748                     278.2200000  217.64000  21.8%  15.7    2s
 10005  5552  250.53510   62   33  278.22000  220.07500  20.9%  15.8    5s
 43579 24804  239.25666   30   18  278.22000  233.97967  15.9%  16.1   10s
 47008 25615  234.40000   36   30  278.22000  234.40000  15.8%  16.3   15s
 58615 28262  253.07555   59   13  278.22000  234.40000  15.8%  17.3   20s
 78505 30317  267.31280   45    8  278.22000  237.26504  14.7%  18.2   26s
 95473 31449  262.55738   64   24  278.22000  240.18174  13.7%  18.5   30s
 113237 31242  260.07240   46   14  278.22000  242.59075  12.8%  18.7   35s
 139541 34986  266.89098   49   28  278.22000  245.40500  11.8%  19.0   40s
 161561 40329  276.86628   68   13  278.22000  247.21727  11.1%  19.0   45s
*162915 39950              57     276.7500000  247.24176  10.7%  19.1   45s
 183145 44420  272.35519   63   18  276.75000  248.80040  10.1%  19.2   50s
 204831 48498 infeasible   66       276.75000  250.19161  9.60%  19.2   55s
 224490 51863     cutoff   57       276.75000  251.23410  9.22%  19.2   60s
 243784 54762  258.27607   61   10  276.75000  252.27563  8.84%  19.2   65s
 262834 57662  271.37699   45   22  276.75000  253.15667  8.53%  19.1   70s
 277697 59615  268.10133   43   12  276.75000  253.84246  8.28%  19.1   75s
 294549 61422  273.18257   46   14  276.75000  254.55134  8.02%  19.1   80s
 309661 63030 infeasible   58       276.75000  255.12650  7.81%  19.0   85s
 326677 64668  260.42384   49   33  276.75000  255.80000  7.57%  19.0   90s
 341673 66012  260.15143   64   23  276.75000  256.30000  7.39%  18.9   95s
 356622 67090  258.50835   50   14  276.75000  256.79162  7.21%  18.9  100s
 373824 68248  274.79720   55   23  276.75000  257.31519  7.02%  18.8  105s
 386919 68987  267.57748   53   27  276.75000  257.77225  6.86%  18.8  110s
 402082 69770  265.70871   56   24  276.75000  258.20880  6.70%  18.8  115s
 417266 70406     cutoff   52       276.75000  258.63445  6.55%  18.7  120s
 430167 70868  267.54034   60   17  276.75000  259.03000  6.40%  18.7  125s
 445236 71295  273.30975   54   24  276.75000  259.40562  6.27%  18.6  130s
 458254 71589 infeasible   52       276.75000  259.75720  6.14%  18.6  135s
 473583 71747  271.61777   52   19  276.75000  260.14114  6.00%  18.5  140s
 484370 71739  266.62430   53   13  276.75000  260.44206  5.89%  18.5  145s
 495351 71830  262.42057   59   12  276.75000  260.71017  5.80%  18.5  150s
 506408 71826  272.56286   61   30  276.75000  260.97031  5.70%  18.5  155s
 517336 71500 infeasible   49       276.75000  261.25345  5.60%  18.4  160s
 530793 71245  266.52351   44   23  276.75000  261.59000  5.48%  18.4  165s
 544364 70858  266.83380   63    6  276.75000  261.90862  5.36%  18.4  170s
 555288 70485  267.64318   64   20  276.75000  262.18915  5.26%  18.3  175s
 566133 70139 infeasible   69       276.75000  262.44357  5.17%  18.3  180s
 579605 69745  264.91019   53   20  276.75000  262.73980  5.06%  18.3  185s
 592858 69108  269.20550   54   15  276.75000  263.02771  4.96%  18.2  190s
 604052 68384  267.88700   58   10  276.75000  263.27017  4.87%  18.2  195s
 615064 67743  269.74044   66   29  276.75000  263.51109  4.78%  18.2  200s
 628173 66603  269.98546   57   17  276.75000  263.83041  4.67%  18.2  205s
 632948 66331  266.37000   71   10  276.75000  263.92400  4.63%  18.2  210s
 646560 65097 infeasible   61       276.75000  264.24298  4.52%  18.1  215s
 653283 64333 infeasible   67       276.75000  264.38174  4.47%  18.1  222s
 659945 63551  270.08490   54   13  276.75000  264.56261  4.40%  18.1  225s
 671199 62325  266.06500   61   14  276.75000  264.82300  4.31%  18.1  230s
 684477 60583  276.39747   70   23  276.75000  265.15333  4.19%  18.1  235s
 698314 58987  272.40991   77   20  276.75000  265.47000  4.08%  18.0  240s
 709467 57601     cutoff   67       276.75000  265.72667  3.98%  18.0  245s
 722687 55522 infeasible   46       276.75000  266.03990  3.87%  18.0  250s
 736202 53518  273.77426   54   22  276.75000  266.37088  3.75%  17.9  255s
 747653 51763  275.30000   75   12  276.75000  266.64758  3.65%  17.9  260s
 758927 49767  271.81825   50    8  276.75000  266.94000  3.54%  17.9  265s
 772038 47103     cutoff   61       276.75000  267.29430  3.42%  17.9  270s
 785747 44351     cutoff   53       276.75000  267.66275  3.28%  17.8  275s
 796667 41781 infeasible   63       276.75000  267.98292  3.17%  17.8  280s
 807492 39008  269.57104   58   20  276.75000  268.33732  3.04%  17.8  285s
 819083 35963     cutoff   55       276.75000  268.70638  2.91%  17.8  290s

Cutting planes:
  Learned: 1
  Gomory: 69
  Cover: 189
  Implied bound: 180
  MIR: 62
  Mixing: 56
  StrongCG: 1
  Flow cover: 495
  Inf proof: 5
  Zero half: 34
  RLT: 124
  Relax-and-lift: 16
  BQP: 1

Explored 832466 nodes (14779872 simplex iterations) in 294.96 seconds (135.98 work units)
Thread count was 20 (of 20 available processors)

Solution count 10: 276.75 278.22 282.5 ... 394.52

Solve interrupted
Best objective 2.767500000000e+02, best bound 2.691900000000e+02, gap 2.7317%

Gurobi 11.0.0 (win64) logging started Wed Sep  4 18:28:51 2024

Set parameter LogFile to value "CVRP1-2.log"
Set parameter MIPGap to value 0
Gurobi Optimizer version 11.0.0 build v11.0.0rc2 (win64 - Windows 11+.0 (22631.2))

CPU model: 13th Gen Intel(R) Core(TM) i7-13650HX, instruction set [SSE2|AVX|AVX2]
Thread count: 14 physical cores, 20 logical processors, using up to 20 threads

Optimize a model with 741 rows, 771 columns and 4185 nonzeros
Model fingerprint: 0xc67ad54b
Variable types: 51 continuous, 720 integer (720 binary)
Coefficient statistics:
  Matrix range     [1e+00, 2e+02]
  Objective range  [7e+00, 6e+01]
  Bounds range     [1e+00, 1e+02]
  RHS range        [1e+00, 2e+02]
Presolve removed 0 rows and 6 columns
Presolve time: 0.02s
Presolved: 741 rows, 765 columns, 8284 nonzeros
Variable types: 45 continuous, 720 integer (720 binary)

Root relaxation: objective 1.962400e+02, 66 iterations, 0.00 seconds (0.00 work units)

    Nodes    |    Current Node    |     Objective Bounds      |     Work
 Expl Unexpl |  Obj  Depth IntInf | Incumbent    BestBd   Gap | It/Node Time

     0     0  196.24000    0   30          -  196.24000      -     -    0s
     0     0  198.26629    0   46          -  198.26629      -     -    0s
     0     0  203.87982    0   42          -  203.87982      -     -    0s
     0     0  203.87982    0   42          -  203.87982      -     -    0s
H    0     0                     478.6900000  203.87982  57.4%     -    0s
     0     0  210.84000    0   41  478.69000  210.84000  56.0%     -    0s
H    0     0                     452.8500000  210.84000  53.4%     -    0s
     0     0  210.84000    0   34  452.85000  210.84000  53.4%     -    0s
     0     0  210.84000    0   33  452.85000  210.84000  53.4%     -    0s
     0     0  214.98000    0   38  452.85000  214.98000  52.5%     -    0s
     0     0  214.98000    0   30  452.85000  214.98000  52.5%     -    0s
     0     0  214.98000    0   46  452.85000  214.98000  52.5%     -    0s
H    0     0                     394.5200000  214.98000  45.5%     -    0s
     0     0  214.98000    0   40  394.52000  214.98000  45.5%     -    0s
     0     0  214.98000    0   32  394.52000  214.98000  45.5%     -    0s
     0     0  214.98000    0   30  394.52000  214.98000  45.5%     -    0s
     0     0  214.98000    0   30  394.52000  214.98000  45.5%     -    0s
     0     0  214.98000    0   30  394.52000  214.98000  45.5%     -    0s
     0     2  215.06181    0   30  394.52000  215.06181  45.5%     -    0s
H   30    44                     383.4800000  215.06181  43.9%  50.6    0s
H   33    44                     366.0800000  215.06181  41.3%  47.7    0s
H   36    44                     363.0100000  215.06181  40.8%  46.9    0s
H   71    86                     340.9100000  215.06181  36.9%  37.6    1s
H   73    86                     303.9000000  215.06181  29.2%  37.6    1s
H   80    86                     288.9900000  215.06181  25.6%  36.2    1s
H  416   421                     282.5000000  215.06181  23.9%  18.4    1s
H 2474  1748                     278.2200000  217.64000  21.8%  15.7    4s
  3878  2392  223.70223   46   32  278.22000  217.64000  21.8%  17.4    5s
 22892 14252  257.10948   45   19  278.22000  229.90301  17.4%  15.7   10s
 43579 24804  239.25666   30   18  278.22000  233.97967  15.9%  16.1   15s
 46914 25533  260.21685   46   30  278.22000  234.40000  15.8%  16.2   20s
 47366 25741  234.40000   41   40  278.22000  234.40000  15.8%  16.4   25s
 59314 28395  274.66000   62   18  278.22000  234.40000  15.8%  17.4   30s
 78505 30317  267.31280   45    8  278.22000  237.26504  14.7%  18.2   37s
 87285 31093  256.27595   48   33  278.22000  238.98211  14.1%  18.4   40s
 104104 30868  249.71890   59   25  278.22000  241.37347  13.2%  18.6   45s
 120606 30700 infeasible   50       278.22000  243.40543  12.5%  18.8   50s
 139541 34986  266.89098   49   28  278.22000  245.40500  11.8%  19.0   55s
 155107 38609  262.21661   45   12  278.22000  246.69705  11.3%  19.0   60s
*162915 39950              57     276.7500000  247.24176  10.7%  19.1   62s
 170496 41735  262.78701   76   15  276.75000  247.85444  10.4%  19.1   65s
 185353 44934  257.89589   55   42  276.75000  248.98022  10.0%  19.2   70s
 194423 46603  263.57595   55   27  276.75000  249.53016  9.84%  19.2   75s
 204831 48498 infeasible   66       276.75000  250.19161  9.60%  19.2   80s
 213728 50096  276.58000   59   16  276.75000  250.67574  9.42%  19.2   85s
 224490 51863     cutoff   57       276.75000  251.23410  9.22%  19.2   90s
 232981 53032 infeasible   53       276.75000  251.73286  9.04%  19.2   95s
 241804 54440  256.43836   57   16  276.75000  252.18416  8.88%  19.2  100s
 250021 55728  267.83450   55   12  276.75000  252.55202  8.74%  19.2  105s
 260424 57378     cutoff   51       276.75000  253.06395  8.56%  19.2  111s
 267040 58295  272.89414   63   10  276.75000  253.38110  8.44%  19.1  115s
 275612 59364  263.02045   56   15  276.75000  253.76561  8.31%  19.1  120s
 283837 60392  272.62240   68    7  276.75000  254.09388  8.19%  19.1  126s
 290488 61006  255.45014   55    9  276.75000  254.38467  8.08%  19.1  130s
 298749 61885     cutoff   47       276.75000  254.71842  7.96%  19.0  136s
 305106 62676  273.38500   81   20  276.75000  254.92744  7.89%  19.0  140s
 313939 63427  272.75000   54   11  276.75000  255.31092  7.75%  19.0  146s
 320289 64061  260.01507   71   19  276.75000  255.56139  7.66%  19.0  150s
 328945 64851  272.27621   51   32  276.75000  255.86937  7.54%  19.0  156s
 335322 65482  268.87941   55   26  276.75000  256.09347  7.46%  18.9  160s
 341673 66012  260.15143   64   23  276.75000  256.30000  7.39%  18.9  165s
 350298 66654  274.70859   52   18  276.75000  256.59000  7.28%  18.9  171s
 356622 67090  258.50835   50   14  276.75000  256.79162  7.21%  18.9  175s
 363109 67567  269.34683   48   23  276.75000  257.01659  7.13%  18.9  180s
 369475 67986  274.61225   44   18  276.75000  257.20406  7.06%  18.9  185s
 378018 68467  265.89430   62   25  276.75000  257.48474  6.96%  18.8  191s
 384561 68837  274.05205   63   27  276.75000  257.69420  6.89%  18.8  196s
 391304 69245  265.99602   53   31  276.75000  257.89000  6.81%  18.8  201s
 397682 69601 infeasible   43       276.75000  258.08960  6.74%  18.8  206s
 404348 69828  273.21585   51   12  276.75000  258.28739  6.67%  18.8  211s
 410824 70189  264.12830   61   23  276.75000  258.47000  6.61%  18.7  216s
 417266 70406     cutoff   52       276.75000  258.63445  6.55%  18.7  221s
 425762 70759  271.74784   55   14  276.75000  258.89446  6.45%  18.7  225s
 438640 71207  272.32358   68    9  276.75000  259.25696  6.32%  18.7  230s
 454100 71471  266.43295   65   13  276.75000  259.65622  6.18%  18.6  235s
 467119 71650  266.08016   73   20  276.75000  259.98919  6.06%  18.6  240s
 482079 71681  264.84564   57   29  276.75000  260.38500  5.91%  18.5  245s
 497527 71855 infeasible   62       276.75000  260.76739  5.78%  18.5  250s
 508642 71788  274.64504   53   14  276.75000  261.02084  5.68%  18.5  255s
 521838 71317     cutoff   55       276.75000  261.37462  5.56%  18.4  260s
 535628 71129  265.06961   52   24  276.75000  261.69415  5.44%  18.4  265s
 546374 70834 infeasible   54       276.75000  261.95820  5.34%  18.4  270s
 559505 70392 infeasible   57       276.75000  262.27513  5.23%  18.3  275s
 570498 70068  270.74246   53   20  276.75000  262.52880  5.14%  18.3  280s
 584064 69557     cutoff   54       276.75000  262.82745  5.03%  18.3  285s
 597288 68749 infeasible   60       276.75000  263.12665  4.92%  18.2  290s
 610503 68053  270.29550   54   10  276.75000  263.42000  4.82%  18.2  295s
 621673 67121 infeasible   55       276.75000  263.67689  4.72%  18.2  300s
 630456 66434  269.68000   61   12  276.75000  263.88370  4.65%  18.2  305s
 644241 65379     cutoff   63       276.75000  264.19135  4.54%  18.1  310s
 657832 63828  273.56207   67   18  276.75000  264.51689  4.42%  18.1  315s
 671199 62325  266.06500   61   14  276.75000  264.82300  4.31%  18.1  320s
 684477 60583  276.39747   70   23  276.75000  265.15333  4.19%  18.1  325s
 698314 58987  272.40991   77   20  276.75000  265.47000  4.08%  18.0  330s
 711696 57217     cutoff   68       276.75000  265.78071  3.96%  18.0  335s
 724796 55224 infeasible   62       276.75000  266.11407  3.84%  18.0  340s
 738401 53172  272.77821   55   12  276.75000  266.42193  3.73%  17.9  345s
 751897 50850     cutoff   75       276.75000  266.76038  3.61%  17.9  350s
 765511 48455 infeasible   61       276.75000  267.11625  3.48%  17.9  355s
 779045 45734  271.37269   50   13  276.75000  267.47627  3.35%  17.8  360s
 790238 43336 infeasible   52       276.75000  267.78519  3.24%  17.8  365s
 801417 40550 infeasible   45       276.75000  268.12426  3.12%  17.8  370s
 812343 37727     cutoff   49       276.75000  268.46500  2.99%  17.8  375s
 823396 34632  272.44976   51   16  276.75000  268.88240  2.84%  17.8  380s
 835049 31289  269.96317   61   16  276.75000  269.28822  2.70%  17.7  385s
 846099 27769 infeasible   63       276.75000  269.71011  2.54%  17.7  390s
 857093 23693  273.20447   65   23  276.75000  270.22187  2.36%  17.7  395s
 868240 19065     cutoff   64       276.75000  270.84937  2.13%  17.7  400s
 879569 13634 infeasible   55       276.75000  271.68439  1.83%  17.7  405s
 884303 11150  276.42757   52   26  276.75000  272.13805  1.67%  17.6  410s
 898630   926     cutoff   88       276.75000  274.42628  0.84%  17.6  415s

Cutting planes:
  Learned: 1
  Gomory: 69
  Cover: 196
  Implied bound: 186
  MIR: 67
  Mixing: 57
  StrongCG: 1
  Flow cover: 510
  Inf proof: 6
  Zero half: 34
  RLT: 124
  Relax-and-lift: 16
  BQP: 1

Explored 902238 nodes (15826936 simplex iterations) in 415.61 seconds (148.83 work units)
Thread count was 20 (of 20 available processors)

Solution count 10: 276.75 276.75 278.22 ... 383.48

Optimal solution found (tolerance 0.00e+00)
Best objective 2.767500000000e+02, best bound 2.767500000000e+02, gap 0.0000%

Gurobi 11.0.0 (win64) logging started Fri Sep  6 02:08:55 2024

Set parameter LogFile to value "CVRP1-2.log"
Set parameter MIPGap to value 0
Gurobi Optimizer version 11.0.0 build v11.0.0rc2 (win64 - Windows 11+.0 (22631.2))

CPU model: 13th Gen Intel(R) Core(TM) i7-13650HX, instruction set [SSE2|AVX|AVX2]
Thread count: 14 physical cores, 20 logical processors, using up to 20 threads

Optimize a model with 741 rows, 771 columns and 4185 nonzeros
Model fingerprint: 0xc67ad54b
Variable types: 51 continuous, 720 integer (720 binary)
Coefficient statistics:
  Matrix range     [1e+00, 2e+02]
  Objective range  [7e+00, 6e+01]
  Bounds range     [1e+00, 1e+02]
  RHS range        [1e+00, 2e+02]
Presolve removed 0 rows and 6 columns
Presolve time: 0.01s
Presolved: 741 rows, 765 columns, 8284 nonzeros
Variable types: 45 continuous, 720 integer (720 binary)

Root relaxation: objective 1.962400e+02, 66 iterations, 0.00 seconds (0.00 work units)

    Nodes    |    Current Node    |     Objective Bounds      |     Work
 Expl Unexpl |  Obj  Depth IntInf | Incumbent    BestBd   Gap | It/Node Time

     0     0  196.24000    0   30          -  196.24000      -     -    0s
     0     0  198.26629    0   46          -  198.26629      -     -    0s
     0     0  203.87982    0   42          -  203.87982      -     -    0s
     0     0  203.87982    0   42          -  203.87982      -     -    0s
H    0     0                     478.6900000  203.87982  57.4%     -    0s
     0     0  210.84000    0   41  478.69000  210.84000  56.0%     -    0s
H    0     0                     452.8500000  210.84000  53.4%     -    0s
     0     0  210.84000    0   34  452.85000  210.84000  53.4%     -    0s
     0     0  210.84000    0   33  452.85000  210.84000  53.4%     -    0s
     0     0  214.98000    0   38  452.85000  214.98000  52.5%     -    0s
     0     0  214.98000    0   30  452.85000  214.98000  52.5%     -    0s
     0     0  214.98000    0   46  452.85000  214.98000  52.5%     -    0s
H    0     0                     394.5200000  214.98000  45.5%     -    0s
     0     0  214.98000    0   40  394.52000  214.98000  45.5%     -    0s
     0     0  214.98000    0   32  394.52000  214.98000  45.5%     -    0s
     0     0  214.98000    0   30  394.52000  214.98000  45.5%     -    0s
     0     0  214.98000    0   30  394.52000  214.98000  45.5%     -    0s
     0     0  214.98000    0   30  394.52000  214.98000  45.5%     -    0s
     0     2  215.06181    0   30  394.52000  215.06181  45.5%     -    0s
H   30    44                     383.4800000  215.06181  43.9%  50.6    0s
H   33    44                     366.0800000  215.06181  41.3%  47.7    0s
H   36    44                     363.0100000  215.06181  40.8%  46.9    0s
H   71    86                     340.9100000  215.06181  36.9%  37.6    0s
H   73    86                     303.9000000  215.06181  29.2%  37.6    0s
H   80    86                     288.9900000  215.06181  25.6%  36.2    0s
H  416   421                     282.5000000  215.06181  23.9%  18.4    1s
H 2474  1748                     278.2200000  217.64000  21.8%  15.7    3s
  7396  3442  232.98655   28   20  278.22000  217.64000  21.8%  16.2    5s
 38363 22237  258.03499   47   22  278.22000  233.46000  16.1%  16.2   10s
 47008 25615  234.40000   36   30  278.22000  234.40000  15.8%  16.3   16s
 55863 27851  268.82001   70   23  278.22000  234.40000  15.8%  17.2   20s
 78505 30317  267.31280   45    8  278.22000  237.26504  14.7%  18.2   26s
 92684 31447  256.74219   58   16  278.22000  239.85111  13.8%  18.4   30s
 110796 31404  251.22129   43   27  278.22000  242.27053  12.9%  18.7   35s
 131101 32730  256.26700   53   31  278.22000  244.59267  12.1%  18.9   40s
 153157 38039  267.47000   59   14  278.22000  246.56233  11.4%  19.0   45s
*162915 39950              57     276.7500000  247.24176  10.7%  19.1   47s
 170496 41735  262.78701   76   15  276.75000  247.85444  10.4%  19.1   50s
 189599 45653  271.89606   58   15  276.75000  249.20147  10.0%  19.2   55s
 209485 49242  272.40538   69   21  276.75000  250.39190  9.52%  19.2   60s
 224490 51863     cutoff   57       276.75000  251.23410  9.22%  19.2   65s
 241804 54440  256.43836   57   16  276.75000  252.18416  8.88%  19.2   70s
 260424 57378     cutoff   51       276.75000  253.06395  8.56%  19.2   75s
 277697 59615  268.10133   43   12  276.75000  253.84246  8.28%  19.1   80s
 294549 61422  273.18257   46   14  276.75000  254.55134  8.02%  19.1   85s
 309661 63030 infeasible   58       276.75000  255.12650  7.81%  19.0   90s
 326677 64668  260.42384   49   33  276.75000  255.80000  7.57%  19.0   95s
 341673 66012  260.15143   64   23  276.75000  256.30000  7.39%  18.9  100s
 354367 66994  268.14298   60   23  276.75000  256.71995  7.24%  18.9  105s
 369475 67986  274.61225   44   18  276.75000  257.20406  7.06%  18.9  110s
 384561 68837  274.05205   63   27  276.75000  257.69420  6.89%  18.8  115s
 397682 69601 infeasible   43       276.75000  258.08960  6.74%  18.8  120s
 410824 70189  264.12830   61   23  276.75000  258.47000  6.61%  18.7  125s
 425762 70759  271.74784   55   14  276.75000  258.89446  6.45%  18.7  130s
 438640 71207  272.32358   68    9  276.75000  259.25696  6.32%  18.7  135s
 454100 71471  266.43295   65   13  276.75000  259.65622  6.18%  18.6  140s
 467119 71650  266.08016   73   20  276.75000  259.98919  6.06%  18.6  145s
 480073 71688  262.54107   62    9  276.75000  260.32471  5.94%  18.5  150s
 488929 71792  268.93667   63   14  276.75000  260.54661  5.85%  18.5  155s
 495351 71830  262.42057   59   12  276.75000  260.71017  5.80%  18.5  160s
 501890 71892     cutoff   54       276.75000  260.86759  5.74%  18.5  165s
 510823 71738     cutoff   51       276.75000  261.08940  5.66%  18.5  171s
 517336 71500 infeasible   49       276.75000  261.25345  5.60%  18.4  175s
 526175 71257     cutoff   58       276.75000  261.49479  5.51%  18.4  180s
 535628 71129  265.06961   52   24  276.75000  261.69415  5.44%  18.4  186s
 542058 70945  270.23594   63    6  276.75000  261.86000  5.38%  18.4  190s
 550961 70665 infeasible   59       276.75000  262.08232  5.30%  18.4  196s
 557263 70470  273.92694   61   24  276.75000  262.22933  5.25%  18.3  200s
 564270 70249  264.81320   51   16  276.75000  262.39773  5.19%  18.3  205s
 572664 69962  266.48500   69    8  276.75000  262.58000  5.12%  18.3  211s
 579605 69745  264.91019   53   20  276.75000  262.73980  5.06%  18.3  216s
 586002 69438  275.97837   62   18  276.75000  262.88000  5.01%  18.3  221s
 590644 69226  275.00000   55    8  276.75000  262.97600  4.98%  18.2  225s
 595082 68928  270.06635   66   23  276.75000  263.07235  4.94%  18.2  230s
 599383 68604  268.88032   58   15  276.75000  263.17200  4.91%  18.2  235s
 604052 68384  267.88700   58   10  276.75000  263.27017  4.87%  18.2  242s
 608513 68184  268.02510   47   25  276.75000  263.37183  4.83%  18.2  246s
 612861 67862  266.75882   61   23  276.75000  263.44965  4.81%  18.2  250s
 619500 67313 infeasible   74       276.75000  263.61423  4.75%  18.2  255s
 625894 66798 infeasible   52       276.75000  263.77635  4.69%  18.2  260s
 630316 66585  271.69617   61   13  276.75000  263.88255  4.65%  18.2  265s
 635059 66229 infeasible   63       276.75000  263.98700  4.61%  18.1  270s
 641973 65608  267.97760   58   14  276.75000  264.13000  4.56%  18.1  276s
 648744 64898  273.51942   65   15  276.75000  264.29000  4.50%  18.1  281s
 653283 64333 infeasible   67       276.75000  264.38174  4.47%  18.1  285s
 659945 63551  270.08490   54   13  276.75000  264.56261  4.40%  18.1  291s
 666924 62851  267.19888   54   21  276.75000  264.72120  4.35%  18.1  295s
 673414 61987  269.65280   50   18  276.75000  264.88625  4.29%  18.1  301s
 678109 61511 infeasible   63       276.75000  264.99846  4.25%  18.1  306s
 682289 60863  274.21276   52   13  276.75000  265.09000  4.21%  18.1  310s
 686780 60271 infeasible   63       276.75000  265.21658  4.17%  18.0  315s
 691329 59621  271.23336   64    6  276.75000  265.32231  4.13%  18.0  320s
 696072 59251 infeasible   74       276.75000  265.42752  4.09%  18.0  325s
 700628 58718  274.57398   54   18  276.75000  265.52292  4.06%  18.0  330s
 705000 58168 infeasible   61       276.75000  265.62433  4.02%  18.0  335s
 709467 57601     cutoff   67       276.75000  265.72667  3.98%  18.0  340s
 714007 56861  266.94061   62   24  276.75000  265.82567  3.95%  18.0  345s
 718311 56174  268.49074   79   19  276.75000  265.94640  3.90%  18.0  350s
 724796 55224 infeasible   62       276.75000  266.11407  3.84%  18.0  357s
 729316 54528  273.97100   65    6  276.75000  266.21336  3.81%  18.0  362s
 734209 53899 infeasible   68       276.75000  266.30332  3.77%  17.9  366s
 738401 53172  272.77821   55   12  276.75000  266.42193  3.73%  17.9  371s
 742900 52536  269.53850   63    7  276.75000  266.52985  3.69%  17.9  376s
 747653 51763  275.30000   75   12  276.75000  266.64758  3.65%  17.9  382s
 751897 50850     cutoff   75       276.75000  266.76038  3.61%  17.9  387s
 754302 50571 infeasible   50       276.75000  266.82110  3.59%  17.9  390s
 758927 49767  271.81825   50    8  276.75000  266.94000  3.54%  17.9  395s
 763241 48938 infeasible   67       276.75000  267.04787  3.51%  17.9  400s
 767700 48026  269.93301   64   25  276.75000  267.17643  3.46%  17.9  406s
 772038 47103     cutoff   61       276.75000  267.29430  3.42%  17.9  411s
 776998 46173     cutoff   60       276.75000  267.42000  3.37%  17.9  417s
 781350 45317     cutoff   62       276.75000  267.53000  3.33%  17.8  422s
 783519 44822  270.95493   60   16  276.75000  267.59156  3.31%  17.8  425s
 787954 43790  271.73027   54   15  276.75000  267.72000  3.26%  17.8  430s
 792514 42820     cutoff   68       276.75000  267.84224  3.22%  17.8  435s
 796667 41781 infeasible   63       276.75000  267.98292  3.17%  17.8  440s
 801417 40550 infeasible   45       276.75000  268.12426  3.12%  17.8  446s
 803568 40135  276.20283   66    9  276.75000  268.20090  3.09%  17.8  450s
 807492 39008  269.57104   58   20  276.75000  268.33732  3.04%  17.8  456s
 812343 37727     cutoff   49       276.75000  268.46500  2.99%  17.8  461s
 816879 36555 infeasible   54       276.75000  268.63693  2.93%  17.8  466s
 825763 33933     cutoff   72       276.75000  268.95319  2.82%  17.8  470s

Cutting planes:
  Learned: 1
  Gomory: 69
  Cover: 189
  Implied bound: 181
  MIR: 62
  Mixing: 56
  StrongCG: 1
  Flow cover: 498
  Inf proof: 5
  Zero half: 34
  RLT: 124
  Relax-and-lift: 16
  BQP: 1

Explored 836175 nodes (14837812 simplex iterations) in 474.64 seconds (136.56 work units)
Thread count was 20 (of 20 available processors)

Solution count 10: 276.75 278.22 282.5 ... 394.52

Solve interrupted
Best objective 2.767500000000e+02, best bound 2.693300000000e+02, gap 2.6811%
