
Gurobi 10.0.2 (win64) logging started Wed Jul 10 22:09:47 2024

Set parameter LogFile to value "MTVRPTW2.log"
Set parameter MIPGap to value 0
Gurobi Optimizer version 10.0.2 build v10.0.2rc0 (win64)

CPU model: Intel(R) Core(TM) i7-10875H CPU @ 2.30GHz, instruction set [SSE2|AVX|AVX2]
Thread count: 8 physical cores, 16 logical processors, using up to 16 threads

Optimize a model with 2166 rows, 1216 columns and 9835 nonzeros
Model fingerprint: 0xe9f4be97
Variable types: 96 continuous, 1120 integer (1120 binary)
Coefficient statistics:
  Matrix range     [1e+00, 5e+02]
  Objective range  [7e+00, 3e+02]
  Bounds range     [1e+00, 2e+02]
  RHS range        [1e+00, 6e+02]
Presolve removed 1258 rows and 393 columns
Presolve time: 0.04s
Presolved: 908 rows, 823 columns, 6860 nonzeros
Variable types: 84 continuous, 739 integer (739 binary)

Root relaxation: objective 4.742368e+02, 413 iterations, 0.01 seconds (0.01 work units)

    Nodes    |    Current Node    |     Objective Bounds      |     Work
 Expl Unexpl |  Obj  Depth IntInf | Incumbent    BestBd   Gap | It/Node Time

     0     0  474.23675    0   66          -  474.23675      -     -    0s
H    0     0                    2172.4100000  474.23675  78.2%     -    0s
H    0     0                    2114.7300000  474.23675  77.6%     -    0s
H    0     0                    1853.6200000  474.23675  74.4%     -    0s
H    0     0                    1811.8800000  493.95214  72.7%     -    0s
     0     0  493.95214    0   67 1811.88000  493.95214  72.7%     -    0s
H    0     0                    1538.5600000  493.95214  67.9%     -    0s
H    0     0                    1485.4900000  495.94939  66.6%     -    0s
     0     0  499.77571    0   60 1485.49000  499.77571  66.4%     -    0s
     0     0  499.77571    0   57 1485.49000  499.77571  66.4%     -    0s
     0     0  499.77571    0   51 1485.49000  499.77571  66.4%     -    0s
     0     0  499.77571    0   51 1485.49000  499.77571  66.4%     -    0s
     0     0  499.77571    0   62 1485.49000  499.77571  66.4%     -    0s
     0     0  499.77571    0   47 1485.49000  499.77571  66.4%     -    0s
     0     0  499.77571    0   41 1485.49000  499.77571  66.4%     -    0s
     0     0  583.59286    0   47 1485.49000  583.59286  60.7%     -    0s
     0     0  583.59286    0   39 1485.49000  583.59286  60.7%     -    0s
     0     0  583.59286    0   55 1485.49000  583.59286  60.7%     -    0s
     0     0  583.59286    0   37 1485.49000  583.59286  60.7%     -    0s
     0     0  583.59286    0   23 1485.49000  583.59286  60.7%     -    0s
     0     0  585.49000    0   45 1485.49000  585.49000  60.6%     -    0s
     0     0  585.49000    0   36 1485.49000  585.49000  60.6%     -    0s
     0     0  639.59986    0   44 1485.49000  639.59986  56.9%     -    0s
     0     0  640.13319    0   34 1485.49000  640.13319  56.9%     -    0s
     0     0  640.13319    0   35 1485.49000  640.13319  56.9%     -    0s
     0     0  885.49000    0   25 1485.49000  885.49000  40.4%     -    0s
     0     0  885.49000    0   25 1485.49000  885.49000  40.4%     -    0s
     0     0  885.49000    0   43 1485.49000  885.49000  40.4%     -    0s
     0     0  885.49000    0   39 1485.49000  885.49000  40.4%     -    0s
     0     0  885.49000    0   18 1485.49000  885.49000  40.4%     -    0s
     0     0  885.49000    0   24 1485.49000  885.49000  40.4%     -    0s
     0     0  885.49000    0   15 1485.49000  885.49000  40.4%     -    0s
     0     0  885.49000    0   16 1485.49000  885.49000  40.4%     -    0s
     0     0  885.49000    0   13 1485.49000  885.49000  40.4%     -    0s
     0     0  885.49000    0   16 1485.49000  885.49000  40.4%     -    0s
     0     0  885.71421    0   49 1485.49000  885.71421  40.4%     -    0s
     0     0  885.73833    0   61 1485.49000  885.73833  40.4%     -    0s
     0     0  885.91571    0   61 1485.49000  885.91571  40.4%     -    0s
     0     0  885.91571    0   51 1485.49000  885.91571  40.4%     -    0s
     0     0  885.91571    0   15 1485.49000  885.91571  40.4%     -    0s
     0     0  885.91571    0   14 1485.49000  885.91571  40.4%     -    0s
H    0     0                    1210.7800000  885.91571  26.8%     -    0s
     0     0  939.35645    0   32 1210.78000  939.35645  22.4%     -    0s
     0     0 1185.49000    0   21 1210.78000 1185.49000  2.09%     -    0s
     0     0 1185.49000    0   21 1210.78000 1185.49000  2.09%     -    0s
     0     0 1185.49000    0   21 1210.78000 1185.49000  2.09%     -    0s
     0     0 1185.49000    0    3 1210.78000 1185.49000  2.09%     -    0s
     0     0 1185.49000    0   22 1210.78000 1185.49000  2.09%     -    0s
     0     0 1185.49000    0    9 1210.78000 1185.49000  2.09%     -    0s
     0     0 1185.49000    0   10 1210.78000 1185.49000  2.09%     -    0s
     0     0 1185.49000    0   10 1210.78000 1185.49000  2.09%     -    0s
H    0     0                    1208.2700000 1185.49000  1.89%     -    0s
     0     0 1185.49000    0    3 1208.27000 1185.49000  1.89%     -    0s
     0     0 1185.49000    0    2 1208.27000 1185.49000  1.89%     -    0s
     0     0 1185.49000    0    2 1208.27000 1185.49000  1.89%     -    0s
     0     0 1185.49000    0    4 1208.27000 1185.49000  1.89%     -    0s
     0     0 1185.49000    0    4 1208.27000 1185.49000  1.89%     -    0s
     0     0 1185.49000    0    4 1208.27000 1185.49000  1.89%     -    0s
     0     0 1185.49000    0    8 1208.27000 1185.49000  1.89%     -    0s
     0     0 1185.49000    0   18 1208.27000 1185.49000  1.89%     -    0s
     0     0 1185.49000    0   14 1208.27000 1185.49000  1.89%     -    0s
     0     0 1185.49000    0    3 1208.27000 1185.49000  1.89%     -    0s
     0     0 1185.49000    0   13 1208.27000 1185.49000  1.89%     -    0s
     0     0 1185.49000    0   16 1208.27000 1185.49000  1.89%     -    0s
     0     0 1185.49000    0    2 1208.27000 1185.49000  1.89%     -    0s
     0     0 1185.49000    0    4 1208.27000 1185.49000  1.89%     -    0s
     0     0 1185.49000    0    2 1208.27000 1185.49000  1.89%     -    0s
     0     0 1185.49000    0    8 1208.27000 1185.49000  1.89%     -    0s
     0     0 1185.49000    0    2 1208.27000 1185.49000  1.89%     -    0s
     0     0 1185.49000    0    7 1208.27000 1185.49000  1.89%     -    0s
     0     0 1185.49000    0    6 1208.27000 1185.49000  1.89%     -    0s
     0     0 1185.49000    0    6 1208.27000 1185.49000  1.89%     -    0s
     0     2 1185.49000    0    6 1208.27000 1185.49000  1.89%     -    0s

Cutting planes:
  Learned: 2
  Gomory: 5
  Cover: 166
  Implied bound: 20
  MIR: 31
  StrongCG: 1
  Inf proof: 1
  Zero half: 2
  RLT: 2
  Relax-and-lift: 2

Explored 1749 nodes (19065 simplex iterations) in 1.10 seconds (0.84 work units)
Thread count was 16 (of 16 available processors)

Solution count 8: 1208.27 1210.78 1485.49 ... 2172.41

Optimal solution found (tolerance 0.00e+00)
Best objective 1.208270000000e+03, best bound 1.208270000000e+03, gap 0.0000%
Warning: linear constraint 1578 and linear constraint 1579 have the same name "DisjunctiveLeft_0_1_0"
Warning: default constraint names used to write mps file
Warning: linear constraint 1578 and linear constraint 1579 have the same name "DisjunctiveLeft_0_1_0"

Gurobi 11.0.0 (win64) logging started Wed Sep  4 12:53:02 2024

Set parameter LogFile to value "MTVRPTW2.log"
Set parameter MIPGap to value 0
Gurobi Optimizer version 11.0.0 build v11.0.0rc2 (win64 - Windows 11+.0 (22631.2))

CPU model: 13th Gen Intel(R) Core(TM) i7-13650HX, instruction set [SSE2|AVX|AVX2]
Thread count: 14 physical cores, 20 logical processors, using up to 20 threads

Optimize a model with 2166 rows, 964 columns and 9835 nonzeros
Model fingerprint: 0x3504b8ae
Variable types: 96 continuous, 868 integer (868 binary)
Coefficient statistics:
  Matrix range     [1e+00, 1e+04]
  Objective range  [7e+00, 3e+02]
  Bounds range     [1e+00, 2e+02]
  RHS range        [1e+00, 3e+04]
Presolve removed 1258 rows and 393 columns
Presolve time: 0.03s
Presolved: 908 rows, 571 columns, 6587 nonzeros
Variable types: 84 continuous, 487 integer (487 binary)

Root relaxation: objective 4.742368e+02, 376 iterations, 0.01 seconds (0.01 work units)

    Nodes    |    Current Node    |     Objective Bounds      |     Work
 Expl Unexpl |  Obj  Depth IntInf | Incumbent    BestBd   Gap | It/Node Time

     0     0  474.23675    0   66          -  474.23675      -     -    0s
H    0     0                    1852.2700000  474.23675  74.4%     -    0s
H    0     0                    1814.1700000  474.23675  73.9%     -    0s
     0     0  493.95214    0   77 1814.17000  493.95214  72.8%     -    0s
H    0     0                    1519.0400000  498.47000  67.2%     -    0s
     0     0  498.47000    0   61 1519.04000  498.47000  67.2%     -    0s
     0     0  499.77571    0   54 1519.04000  499.77571  67.1%     -    0s
     0     0  585.49000    0   33 1519.04000  585.49000  61.5%     -    0s
H    0     0                    1485.4900000  585.49000  60.6%     -    0s
     0     0  585.49000    0   46 1485.49000  585.49000  60.6%     -    0s
     0     0  597.07909    0   40 1485.49000  597.07909  59.8%     -    0s
     0     0  597.09682    0   42 1485.49000  597.09682  59.8%     -    0s
     0     0  885.49000    0   11 1485.49000  885.49000  40.4%     -    0s
     0     0  885.49000    0   18 1485.49000  885.49000  40.4%     -    0s
     0     0  885.49000    0   18 1485.49000  885.49000  40.4%     -    0s
     0     0  885.49000    0   11 1485.49000  885.49000  40.4%     -    0s
     0     0  885.49000    0   19 1485.49000  885.49000  40.4%     -    0s
     0     0  885.49000    0   18 1485.49000  885.49000  40.4%     -    0s
     0     0  885.49000    0   18 1485.49000  885.49000  40.4%     -    0s
     0     0  885.49000    0   11 1485.49000  885.49000  40.4%     -    0s
     0     0  886.06477    0   22 1485.49000  886.06477  40.4%     -    0s
     0     0  895.04508    0   23 1485.49000  895.04508  39.7%     -    0s
     0     0 1185.49000    0   21 1485.49000 1185.49000  20.2%     -    0s
     0     0 1185.49000    0   16 1485.49000 1185.49000  20.2%     -    0s
     0     0 1185.49000    0   16 1485.49000 1185.49000  20.2%     -    0s
     0     0 1185.49000    0    3 1485.49000 1185.49000  20.2%     -    0s
     0     0 1185.49000    0    9 1485.49000 1185.49000  20.2%     -    0s
     0     0 1185.49000    0   10 1485.49000 1185.49000  20.2%     -    0s
     0     0 1185.49000    0    6 1485.49000 1185.49000  20.2%     -    0s
     0     0 1185.49000    0    6 1485.49000 1185.49000  20.2%     -    0s
     0     0 1185.49000    0    6 1485.49000 1185.49000  20.2%     -    0s
     0     0 1185.49000    0   12 1485.49000 1185.49000  20.2%     -    0s
     0     0 1185.49000    0   27 1485.49000 1185.49000  20.2%     -    0s
     0     0 1185.49000    0    2 1485.49000 1185.49000  20.2%     -    0s
     0     0 1185.49000    0    2 1485.49000 1185.49000  20.2%     -    0s
     0     0 1185.49000    0   22 1485.49000 1185.49000  20.2%     -    0s
H    0     0                    1210.7800000 1185.49000  2.09%     -    0s
     0     0 1185.49000    0   16 1210.78000 1185.49000  2.09%     -    0s
     0     0 1185.49000    0   16 1210.78000 1185.49000  2.09%     -    0s
     0     0 1185.49000    0    2 1210.78000 1185.49000  2.09%     -    0s
H    0     0                    1208.2700000 1185.49000  1.89%     -    0s
     0     0 1185.49000    0    8 1208.27000 1185.49000  1.89%     -    0s
     0     0 1185.49000    0    2 1208.27000 1185.49000  1.89%     -    0s
     0     0 1185.49000    0   10 1208.27000 1185.49000  1.89%     -    0s
     0     0 1185.49000    0   10 1208.27000 1185.49000  1.89%     -    0s
     0     0 1185.49000    0   10 1208.27000 1185.49000  1.89%     -    0s
     0     0 1185.49000    0    2 1208.27000 1185.49000  1.89%     -    0s
     0     0 1185.49000    0    7 1208.27000 1185.49000  1.89%     -    0s
     0     0 1185.49000    0    8 1208.27000 1185.49000  1.89%     -    0s
     0     0 1185.49000    0    3 1208.27000 1185.49000  1.89%     -    0s
     0     0 1185.49000    0    2 1208.27000 1185.49000  1.89%     -    0s
     0     0 1185.49000    0   17 1208.27000 1185.49000  1.89%     -    0s
     0     0 1185.49000    0    2 1208.27000 1185.49000  1.89%     -    0s
     0     0 1185.49000    0    2 1208.27000 1185.49000  1.89%     -    0s
     0     0 1185.49000    0    2 1208.27000 1185.49000  1.89%     -    0s
     0     0 1185.49000    0   19 1208.27000 1185.49000  1.89%     -    0s
     0     0 1185.49000    0    2 1208.27000 1185.49000  1.89%     -    0s
     0     0 1185.49000    0    2 1208.27000 1185.49000  1.89%     -    0s
     0     0 1185.49000    0    8 1208.27000 1185.49000  1.89%     -    0s
     0     0 1185.49000    0    6 1208.27000 1185.49000  1.89%     -    0s
     0     0 1185.49000    0    6 1208.27000 1185.49000  1.89%     -    0s
     0     0 1185.49000    0    6 1208.27000 1185.49000  1.89%     -    0s
     0     0 1185.49000    0    2 1208.27000 1185.49000  1.89%     -    0s
     0     0 1185.49000    0    2 1208.27000 1185.49000  1.89%     -    0s
     0     2 1185.49000    0    2 1208.27000 1185.49000  1.89%     -    0s

Cutting planes:
  Gomory: 7
  Cover: 75
  Implied bound: 8
  MIR: 22
  StrongCG: 3
  GUB cover: 1
  Inf proof: 2
  Zero half: 3
  RLT: 4

Explored 782 nodes (10718 simplex iterations) in 0.75 seconds (0.65 work units)
Thread count was 20 (of 20 available processors)

Solution count 9: 1208.27 1208.27 1210.78 ... 1852.27

Optimal solution found (tolerance 0.00e+00)
Best objective 1.208270000000e+03, best bound 1.208270000000e+03, gap 0.0000%
Warning: linear constraint 1578 and linear constraint 1579 have the same name "DisjunctiveLeft_0_1_0"

Gurobi 11.0.0 (win64) logging started Wed Sep  4 12:53:29 2024

Set parameter LogFile to value "MTVRPTW2.log"
Set parameter MIPGap to value 0
Gurobi Optimizer version 11.0.0 build v11.0.0rc2 (win64 - Windows 11+.0 (22631.2))

CPU model: 13th Gen Intel(R) Core(TM) i7-13650HX, instruction set [SSE2|AVX|AVX2]
Thread count: 14 physical cores, 20 logical processors, using up to 20 threads

Optimize a model with 2166 rows, 964 columns and 9835 nonzeros
Model fingerprint: 0x3504b8ae
Variable types: 96 continuous, 868 integer (868 binary)
Coefficient statistics:
  Matrix range     [1e+00, 1e+04]
  Objective range  [7e+00, 3e+02]
  Bounds range     [1e+00, 2e+02]
  RHS range        [1e+00, 3e+04]
Presolve removed 1258 rows and 393 columns
Presolve time: 0.03s
Presolved: 908 rows, 571 columns, 6587 nonzeros
Variable types: 84 continuous, 487 integer (487 binary)

Root relaxation: objective 4.742368e+02, 376 iterations, 0.01 seconds (0.01 work units)

    Nodes    |    Current Node    |     Objective Bounds      |     Work
 Expl Unexpl |  Obj  Depth IntInf | Incumbent    BestBd   Gap | It/Node Time

     0     0  474.23675    0   66          -  474.23675      -     -    0s
H    0     0                    1852.2700000  474.23675  74.4%     -    0s
H    0     0                    1814.1700000  474.23675  73.9%     -    0s
     0     0  493.95214    0   77 1814.17000  493.95214  72.8%     -    0s
H    0     0                    1519.0400000  498.47000  67.2%     -    0s
     0     0  498.47000    0   61 1519.04000  498.47000  67.2%     -    0s
     0     0  499.77571    0   54 1519.04000  499.77571  67.1%     -    0s
     0     0  585.49000    0   33 1519.04000  585.49000  61.5%     -    0s
H    0     0                    1485.4900000  585.49000  60.6%     -    0s
     0     0  585.49000    0   46 1485.49000  585.49000  60.6%     -    0s
     0     0  597.07909    0   40 1485.49000  597.07909  59.8%     -    0s
     0     0  597.09682    0   42 1485.49000  597.09682  59.8%     -    0s
     0     0  885.49000    0   11 1485.49000  885.49000  40.4%     -    0s
     0     0  885.49000    0   18 1485.49000  885.49000  40.4%     -    0s
     0     0  885.49000    0   18 1485.49000  885.49000  40.4%     -    0s
     0     0  885.49000    0   11 1485.49000  885.49000  40.4%     -    0s
     0     0  885.49000    0   19 1485.49000  885.49000  40.4%     -    0s
     0     0  885.49000    0   18 1485.49000  885.49000  40.4%     -    0s
     0     0  885.49000    0   18 1485.49000  885.49000  40.4%     -    0s
     0     0  885.49000    0   11 1485.49000  885.49000  40.4%     -    0s
     0     0  886.06477    0   22 1485.49000  886.06477  40.4%     -    0s
     0     0  895.04508    0   23 1485.49000  895.04508  39.7%     -    0s
     0     0 1185.49000    0   21 1485.49000 1185.49000  20.2%     -    0s
     0     0 1185.49000    0   16 1485.49000 1185.49000  20.2%     -    0s
     0     0 1185.49000    0   16 1485.49000 1185.49000  20.2%     -    0s
     0     0 1185.49000    0    3 1485.49000 1185.49000  20.2%     -    0s
     0     0 1185.49000    0    9 1485.49000 1185.49000  20.2%     -    0s
     0     0 1185.49000    0   10 1485.49000 1185.49000  20.2%     -    0s
     0     0 1185.49000    0    6 1485.49000 1185.49000  20.2%     -    0s
     0     0 1185.49000    0    6 1485.49000 1185.49000  20.2%     -    0s
     0     0 1185.49000    0    6 1485.49000 1185.49000  20.2%     -    0s
     0     0 1185.49000    0   12 1485.49000 1185.49000  20.2%     -    0s
     0     0 1185.49000    0   27 1485.49000 1185.49000  20.2%     -    0s
     0     0 1185.49000    0    2 1485.49000 1185.49000  20.2%     -    0s
     0     0 1185.49000    0    2 1485.49000 1185.49000  20.2%     -    0s
     0     0 1185.49000    0   22 1485.49000 1185.49000  20.2%     -    0s
H    0     0                    1210.7800000 1185.49000  2.09%     -    0s
     0     0 1185.49000    0   16 1210.78000 1185.49000  2.09%     -    0s
     0     0 1185.49000    0   16 1210.78000 1185.49000  2.09%     -    0s
     0     0 1185.49000    0    2 1210.78000 1185.49000  2.09%     -    0s
H    0     0                    1208.2700000 1185.49000  1.89%     -    0s
     0     0 1185.49000    0    8 1208.27000 1185.49000  1.89%     -    0s
     0     0 1185.49000    0    2 1208.27000 1185.49000  1.89%     -    0s
     0     0 1185.49000    0   10 1208.27000 1185.49000  1.89%     -    0s
     0     0 1185.49000    0   10 1208.27000 1185.49000  1.89%     -    0s
     0     0 1185.49000    0   10 1208.27000 1185.49000  1.89%     -    0s
     0     0 1185.49000    0    2 1208.27000 1185.49000  1.89%     -    0s
     0     0 1185.49000    0    7 1208.27000 1185.49000  1.89%     -    0s
     0     0 1185.49000    0    8 1208.27000 1185.49000  1.89%     -    0s
     0     0 1185.49000    0    3 1208.27000 1185.49000  1.89%     -    0s
     0     0 1185.49000    0    2 1208.27000 1185.49000  1.89%     -    0s
     0     0 1185.49000    0   17 1208.27000 1185.49000  1.89%     -    0s
     0     0 1185.49000    0    2 1208.27000 1185.49000  1.89%     -    0s
     0     0 1185.49000    0    2 1208.27000 1185.49000  1.89%     -    0s
     0     0 1185.49000    0    2 1208.27000 1185.49000  1.89%     -    0s
     0     0 1185.49000    0   19 1208.27000 1185.49000  1.89%     -    0s
     0     0 1185.49000    0    2 1208.27000 1185.49000  1.89%     -    0s
     0     0 1185.49000    0    2 1208.27000 1185.49000  1.89%     -    0s
     0     0 1185.49000    0    8 1208.27000 1185.49000  1.89%     -    0s
     0     0 1185.49000    0    6 1208.27000 1185.49000  1.89%     -    0s
     0     0 1185.49000    0    6 1208.27000 1185.49000  1.89%     -    0s
     0     0 1185.49000    0    6 1208.27000 1185.49000  1.89%     -    0s
     0     0 1185.49000    0    2 1208.27000 1185.49000  1.89%     -    0s
     0     0 1185.49000    0    2 1208.27000 1185.49000  1.89%     -    0s
     0     2 1185.49000    0    2 1208.27000 1185.49000  1.89%     -    0s

Cutting planes:
  Gomory: 7
  Cover: 75
  Implied bound: 8
  MIR: 22
  StrongCG: 3
  GUB cover: 1
  Inf proof: 2
  Zero half: 3
  RLT: 4

Explored 782 nodes (10718 simplex iterations) in 0.75 seconds (0.65 work units)
Thread count was 20 (of 20 available processors)

Solution count 9: 1208.27 1208.27 1210.78 ... 1852.27

Optimal solution found (tolerance 0.00e+00)
Best objective 1.208270000000e+03, best bound 1.208270000000e+03, gap 0.0000%
Warning: linear constraint 1578 and linear constraint 1579 have the same name "DisjunctiveLeft_0_1_0"

Gurobi 11.0.0 (win64) logging started Wed Sep  4 12:55:35 2024

Set parameter LogFile to value "MTVRPTW2.log"
Set parameter MIPGap to value 0
Gurobi Optimizer version 11.0.0 build v11.0.0rc2 (win64 - Windows 11+.0 (22631.2))

CPU model: 13th Gen Intel(R) Core(TM) i7-13650HX, instruction set [SSE2|AVX|AVX2]
Thread count: 14 physical cores, 20 logical processors, using up to 20 threads

Optimize a model with 2166 rows, 1216 columns and 9835 nonzeros
Model fingerprint: 0x86457fa2
Variable types: 96 continuous, 1120 integer (1120 binary)
Coefficient statistics:
  Matrix range     [1e+00, 1e+04]
  Objective range  [7e+00, 3e+02]
  Bounds range     [1e+00, 2e+02]
  RHS range        [1e+00, 3e+04]
Presolve removed 1258 rows and 393 columns
Presolve time: 0.03s
Presolved: 908 rows, 823 columns, 6587 nonzeros
Variable types: 84 continuous, 739 integer (739 binary)

Root relaxation: objective 4.742368e+02, 429 iterations, 0.01 seconds (0.01 work units)

    Nodes    |    Current Node    |     Objective Bounds      |     Work
 Expl Unexpl |  Obj  Depth IntInf | Incumbent    BestBd   Gap | It/Node Time

     0     0  474.23675    0   64          -  474.23675      -     -    0s
H    0     0                    2150.3800000  474.23675  77.9%     -    0s
H    0     0                    1850.3800000  474.23675  74.4%     -    0s
H    0     0                    1788.4700000  474.23675  73.5%     -    0s
H    0     0                    1550.3800000  474.23675  69.4%     -    0s
     0     0  493.95214    0   62 1550.38000  493.95214  68.1%     -    0s
H    0     0                    1512.0800000  493.95214  67.3%     -    0s
H    0     0                    1485.4900000  493.95214  66.7%     -    0s
     0     0  499.77571    0   59 1485.49000  499.77571  66.4%     -    0s
     0     0  499.77571    0   65 1485.49000  499.77571  66.4%     -    0s
     0     0  499.77571    0   66 1485.49000  499.77571  66.4%     -    0s
     0     0  499.77571    0   65 1485.49000  499.77571  66.4%     -    0s
     0     0  499.77571    0   65 1485.49000  499.77571  66.4%     -    0s
     0     0  499.77571    0   53 1485.49000  499.77571  66.4%     -    0s
     0     0  499.77571    0   45 1485.49000  499.77571  66.4%     -    0s
     0     0  499.77571    0   47 1485.49000  499.77571  66.4%     -    0s
     0     0  499.77571    0   45 1485.49000  499.77571  66.4%     -    0s
     0     0  583.59286    0   49 1485.49000  583.59286  60.7%     -    0s
     0     0  583.59286    0   39 1485.49000  583.59286  60.7%     -    0s
     0     0  583.59286    0   40 1485.49000  583.59286  60.7%     -    0s
     0     0  583.59286    0   47 1485.49000  583.59286  60.7%     -    0s
     0     0  583.59286    0   45 1485.49000  583.59286  60.7%     -    0s
     0     0  583.59286    0   40 1485.49000  583.59286  60.7%     -    0s
     0     0  585.49000    0   56 1485.49000  585.49000  60.6%     -    0s
     0     0  585.49000    0   69 1485.49000  585.49000  60.6%     -    0s
     0     0  639.66025    0   44 1485.49000  639.66025  56.9%     -    0s
     0     0  885.49000    0   29 1485.49000  885.49000  40.4%     -    0s
     0     0  885.49000    0   29 1485.49000  885.49000  40.4%     -    0s
     0     0  885.49000    0    6 1485.49000  885.49000  40.4%     -    0s
     0     0  885.49000    0   16 1485.49000  885.49000  40.4%     -    0s
     0     0  885.49000    0   19 1485.49000  885.49000  40.4%     -    0s
H    0     0                    1208.2700000  885.49000  26.7%     -    0s
     0     0  885.49000    0   22 1208.27000  885.49000  26.7%     -    0s
     0     0  885.49000    0   21 1208.27000  885.49000  26.7%     -    0s
     0     0  885.49000    0   21 1208.27000  885.49000  26.7%     -    0s
     0     0  885.49000    0   13 1208.27000  885.49000  26.7%     -    0s
     0     0  885.49000    0   12 1208.27000  885.49000  26.7%     -    0s
     0     0  885.49000    0   11 1208.27000  885.49000  26.7%     -    0s
     0     0  885.49000    0   32 1208.27000  885.49000  26.7%     -    0s
     0     0  895.04508    0   29 1208.27000  895.04508  25.9%     -    0s
     0     0 1185.49000    0   17 1208.27000 1185.49000  1.89%     -    0s
     0     0 1185.49000    0    3 1208.27000 1185.49000  1.89%     -    0s
     0     0 1185.49000    0   10 1208.27000 1185.49000  1.89%     -    0s
     0     0 1185.49000    0   10 1208.27000 1185.49000  1.89%     -    0s
     0     0 1185.49000    0    5 1208.27000 1185.49000  1.89%     -    0s
     0     0 1185.49000    0   10 1208.27000 1185.49000  1.89%     -    0s
     0     0 1185.49000    0   12 1208.27000 1185.49000  1.89%     -    0s
     0     0 1185.49000    0   10 1208.27000 1185.49000  1.89%     -    0s
     0     0 1185.49000    0   10 1208.27000 1185.49000  1.89%     -    0s
     0     0 1185.49000    0    3 1208.27000 1185.49000  1.89%     -    0s
     0     0 1185.49000    0    8 1208.27000 1185.49000  1.89%     -    0s
     0     0 1185.49000    0    8 1208.27000 1185.49000  1.89%     -    0s
     0     0 1185.49000    0   12 1208.27000 1185.49000  1.89%     -    0s
     0     0 1185.49000    0    3 1208.27000 1185.49000  1.89%     -    0s
     0     0 1185.49000    0   23 1208.27000 1185.49000  1.89%     -    0s
     0     0 1185.49000    0   23 1208.27000 1185.49000  1.89%     -    0s
     0     0 1185.49000    0    4 1208.27000 1185.49000  1.89%     -    0s
     0     0 1185.49000    0    2 1208.27000 1185.49000  1.89%     -    0s
     0     0 1185.49000    0    9 1208.27000 1185.49000  1.89%     -    0s
     0     0 1185.49000    0    8 1208.27000 1185.49000  1.89%     -    0s
     0     0 1185.49000    0    8 1208.27000 1185.49000  1.89%     -    0s
     0     2 1185.49000    0    8 1208.27000 1185.49000  1.89%     -    0s

Cutting planes:
  Gomory: 6
  Cover: 140
  Implied bound: 18
  MIR: 25
  StrongCG: 2
  GUB cover: 1
  Inf proof: 2
  Zero half: 1
  RLT: 1

Explored 1844 nodes (23367 simplex iterations) in 0.94 seconds (0.82 work units)
Thread count was 20 (of 20 available processors)

Solution count 10: 1208.27 1485.49 1508.27 ... 2150.38

Optimal solution found (tolerance 0.00e+00)
Best objective 1.208270000000e+03, best bound 1.208270000000e+03, gap 0.0000%
Warning: linear constraint 1578 and linear constraint 1579 have the same name "DisjunctiveLeft_0_1_0"

Gurobi 11.0.0 (win64) logging started Thu Sep  5 05:04:40 2024

Set parameter LogFile to value "MTVRPTW2.log"
Set parameter MIPGap to value 0
Gurobi Optimizer version 11.0.0 build v11.0.0rc2 (win64 - Windows 11+.0 (22631.2))

CPU model: 13th Gen Intel(R) Core(TM) i7-13650HX, instruction set [SSE2|AVX|AVX2]
Thread count: 14 physical cores, 20 logical processors, using up to 20 threads

Optimize a model with 2166 rows, 1216 columns and 9835 nonzeros
Model fingerprint: 0x86457fa2
Variable types: 96 continuous, 1120 integer (1120 binary)
Coefficient statistics:
  Matrix range     [1e+00, 1e+04]
  Objective range  [7e+00, 3e+02]
  Bounds range     [1e+00, 2e+02]
  RHS range        [1e+00, 3e+04]
Presolve removed 1258 rows and 393 columns
Presolve time: 0.03s
Presolved: 908 rows, 823 columns, 6587 nonzeros
Variable types: 84 continuous, 739 integer (739 binary)

Root relaxation: objective 4.742368e+02, 429 iterations, 0.01 seconds (0.01 work units)

    Nodes    |    Current Node    |     Objective Bounds      |     Work
 Expl Unexpl |  Obj  Depth IntInf | Incumbent    BestBd   Gap | It/Node Time

     0     0  474.23675    0   64          -  474.23675      -     -    0s
H    0     0                    2150.3800000  474.23675  77.9%     -    0s
H    0     0                    1850.3800000  474.23675  74.4%     -    0s
H    0     0                    1788.4700000  474.23675  73.5%     -    0s
H    0     0                    1550.3800000  474.23675  69.4%     -    0s
     0     0  493.95214    0   62 1550.38000  493.95214  68.1%     -    0s
H    0     0                    1512.0800000  493.95214  67.3%     -    0s
H    0     0                    1485.4900000  493.95214  66.7%     -    0s
     0     0  499.77571    0   59 1485.49000  499.77571  66.4%     -    0s
     0     0  499.77571    0   65 1485.49000  499.77571  66.4%     -    0s
     0     0  499.77571    0   66 1485.49000  499.77571  66.4%     -    0s
     0     0  499.77571    0   65 1485.49000  499.77571  66.4%     -    0s
     0     0  499.77571    0   65 1485.49000  499.77571  66.4%     -    0s
     0     0  499.77571    0   53 1485.49000  499.77571  66.4%     -    0s
     0     0  499.77571    0   45 1485.49000  499.77571  66.4%     -    0s
     0     0  499.77571    0   47 1485.49000  499.77571  66.4%     -    0s
     0     0  499.77571    0   45 1485.49000  499.77571  66.4%     -    0s
     0     0  583.59286    0   49 1485.49000  583.59286  60.7%     -    0s
     0     0  583.59286    0   39 1485.49000  583.59286  60.7%     -    0s
     0     0  583.59286    0   40 1485.49000  583.59286  60.7%     -    0s
     0     0  583.59286    0   47 1485.49000  583.59286  60.7%     -    0s
     0     0  583.59286    0   45 1485.49000  583.59286  60.7%     -    0s
     0     0  583.59286    0   40 1485.49000  583.59286  60.7%     -    0s
     0     0  585.49000    0   56 1485.49000  585.49000  60.6%     -    0s
     0     0  585.49000    0   69 1485.49000  585.49000  60.6%     -    0s
     0     0  639.66025    0   44 1485.49000  639.66025  56.9%     -    0s
     0     0  885.49000    0   29 1485.49000  885.49000  40.4%     -    0s
     0     0  885.49000    0   29 1485.49000  885.49000  40.4%     -    0s
     0     0  885.49000    0    6 1485.49000  885.49000  40.4%     -    0s
     0     0  885.49000    0   16 1485.49000  885.49000  40.4%     -    0s
     0     0  885.49000    0   19 1485.49000  885.49000  40.4%     -    0s
H    0     0                    1208.2700000  885.49000  26.7%     -    0s
     0     0  885.49000    0   22 1208.27000  885.49000  26.7%     -    0s
     0     0  885.49000    0   21 1208.27000  885.49000  26.7%     -    0s
     0     0  885.49000    0   21 1208.27000  885.49000  26.7%     -    0s
     0     0  885.49000    0   13 1208.27000  885.49000  26.7%     -    0s
     0     0  885.49000    0   12 1208.27000  885.49000  26.7%     -    0s
     0     0  885.49000    0   11 1208.27000  885.49000  26.7%     -    0s
     0     0  885.49000    0   32 1208.27000  885.49000  26.7%     -    0s
     0     0  895.04508    0   29 1208.27000  895.04508  25.9%     -    0s
     0     0 1185.49000    0   17 1208.27000 1185.49000  1.89%     -    0s
     0     0 1185.49000    0    3 1208.27000 1185.49000  1.89%     -    0s
     0     0 1185.49000    0   10 1208.27000 1185.49000  1.89%     -    0s
     0     0 1185.49000    0   10 1208.27000 1185.49000  1.89%     -    0s
     0     0 1185.49000    0    5 1208.27000 1185.49000  1.89%     -    0s
     0     0 1185.49000    0   10 1208.27000 1185.49000  1.89%     -    0s
     0     0 1185.49000    0   12 1208.27000 1185.49000  1.89%     -    0s
     0     0 1185.49000    0   10 1208.27000 1185.49000  1.89%     -    0s
     0     0 1185.49000    0   10 1208.27000 1185.49000  1.89%     -    0s
     0     0 1185.49000    0    3 1208.27000 1185.49000  1.89%     -    0s
     0     0 1185.49000    0    8 1208.27000 1185.49000  1.89%     -    0s
     0     0 1185.49000    0    8 1208.27000 1185.49000  1.89%     -    0s
     0     0 1185.49000    0   12 1208.27000 1185.49000  1.89%     -    0s
     0     0 1185.49000    0    3 1208.27000 1185.49000  1.89%     -    0s
     0     0 1185.49000    0   23 1208.27000 1185.49000  1.89%     -    0s
     0     0 1185.49000    0   23 1208.27000 1185.49000  1.89%     -    0s
     0     0 1185.49000    0    4 1208.27000 1185.49000  1.89%     -    0s
     0     0 1185.49000    0    2 1208.27000 1185.49000  1.89%     -    0s
     0     0 1185.49000    0    9 1208.27000 1185.49000  1.89%     -    0s
     0     0 1185.49000    0    8 1208.27000 1185.49000  1.89%     -    0s
     0     0 1185.49000    0    8 1208.27000 1185.49000  1.89%     -    0s
     0     2 1185.49000    0    8 1208.27000 1185.49000  1.89%     -    0s

Cutting planes:
  Gomory: 6
  Cover: 140
  Implied bound: 18
  MIR: 25
  StrongCG: 2
  GUB cover: 1
  Inf proof: 2
  Zero half: 1
  RLT: 1

Explored 1844 nodes (23367 simplex iterations) in 0.87 seconds (0.82 work units)
Thread count was 20 (of 20 available processors)

Solution count 10: 1208.27 1485.49 1508.27 ... 2150.38

Optimal solution found (tolerance 0.00e+00)
Best objective 1.208270000000e+03, best bound 1.208270000000e+03, gap 0.0000%
Warning: linear constraint 1578 and linear constraint 1579 have the same name "DisjunctiveLeft_0_1_0"

Gurobi 11.0.0 (win64) logging started Fri Sep  6 02:29:52 2024

Set parameter LogFile to value "MTVRPTW2.log"
Set parameter MIPGap to value 0
Gurobi Optimizer version 11.0.0 build v11.0.0rc2 (win64 - Windows 11+.0 (22631.2))

CPU model: 13th Gen Intel(R) Core(TM) i7-13650HX, instruction set [SSE2|AVX|AVX2]
Thread count: 14 physical cores, 20 logical processors, using up to 20 threads

Optimize a model with 2166 rows, 964 columns and 9835 nonzeros
Model fingerprint: 0x3504b8ae
Variable types: 96 continuous, 868 integer (868 binary)
Coefficient statistics:
  Matrix range     [1e+00, 1e+04]
  Objective range  [7e+00, 3e+02]
  Bounds range     [1e+00, 2e+02]
  RHS range        [1e+00, 3e+04]
Presolve removed 1258 rows and 393 columns
Presolve time: 0.04s
Presolved: 908 rows, 571 columns, 6587 nonzeros
Variable types: 84 continuous, 487 integer (487 binary)

Root relaxation: objective 4.742368e+02, 376 iterations, 0.01 seconds (0.01 work units)

    Nodes    |    Current Node    |     Objective Bounds      |     Work
 Expl Unexpl |  Obj  Depth IntInf | Incumbent    BestBd   Gap | It/Node Time

     0     0  474.23675    0   66          -  474.23675      -     -    0s
H    0     0                    1852.2700000  474.23675  74.4%     -    0s
H    0     0                    1814.1700000  474.23675  73.9%     -    0s
     0     0  493.95214    0   77 1814.17000  493.95214  72.8%     -    0s
H    0     0                    1519.0400000  498.47000  67.2%     -    0s
     0     0  498.47000    0   61 1519.04000  498.47000  67.2%     -    0s
     0     0  499.77571    0   54 1519.04000  499.77571  67.1%     -    0s
     0     0  585.49000    0   33 1519.04000  585.49000  61.5%     -    0s
H    0     0                    1485.4900000  585.49000  60.6%     -    0s
     0     0  585.49000    0   46 1485.49000  585.49000  60.6%     -    0s
     0     0  597.07909    0   40 1485.49000  597.07909  59.8%     -    0s
     0     0  597.09682    0   42 1485.49000  597.09682  59.8%     -    0s
     0     0  885.49000    0   11 1485.49000  885.49000  40.4%     -    0s
     0     0  885.49000    0   18 1485.49000  885.49000  40.4%     -    0s
     0     0  885.49000    0   18 1485.49000  885.49000  40.4%     -    0s
     0     0  885.49000    0   11 1485.49000  885.49000  40.4%     -    0s
     0     0  885.49000    0   19 1485.49000  885.49000  40.4%     -    0s
     0     0  885.49000    0   18 1485.49000  885.49000  40.4%     -    0s
     0     0  885.49000    0   18 1485.49000  885.49000  40.4%     -    0s
     0     0  885.49000    0   11 1485.49000  885.49000  40.4%     -    0s
     0     0  886.06477    0   22 1485.49000  886.06477  40.4%     -    0s
     0     0  895.04508    0   23 1485.49000  895.04508  39.7%     -    0s
     0     0 1185.49000    0   21 1485.49000 1185.49000  20.2%     -    0s
     0     0 1185.49000    0   16 1485.49000 1185.49000  20.2%     -    0s
     0     0 1185.49000    0   16 1485.49000 1185.49000  20.2%     -    0s
     0     0 1185.49000    0    3 1485.49000 1185.49000  20.2%     -    0s
     0     0 1185.49000    0    9 1485.49000 1185.49000  20.2%     -    0s
     0     0 1185.49000    0   10 1485.49000 1185.49000  20.2%     -    0s
     0     0 1185.49000    0    6 1485.49000 1185.49000  20.2%     -    0s
     0     0 1185.49000    0    6 1485.49000 1185.49000  20.2%     -    0s
     0     0 1185.49000    0    6 1485.49000 1185.49000  20.2%     -    0s
     0     0 1185.49000    0   12 1485.49000 1185.49000  20.2%     -    0s
     0     0 1185.49000    0   27 1485.49000 1185.49000  20.2%     -    0s
     0     0 1185.49000    0    2 1485.49000 1185.49000  20.2%     -    0s
     0     0 1185.49000    0    2 1485.49000 1185.49000  20.2%     -    0s
     0     0 1185.49000    0   22 1485.49000 1185.49000  20.2%     -    0s
H    0     0                    1210.7800000 1185.49000  2.09%     -    0s
     0     0 1185.49000    0   16 1210.78000 1185.49000  2.09%     -    0s
     0     0 1185.49000    0   16 1210.78000 1185.49000  2.09%     -    0s
     0     0 1185.49000    0    2 1210.78000 1185.49000  2.09%     -    0s
H    0     0                    1208.2700000 1185.49000  1.89%     -    0s
     0     0 1185.49000    0    8 1208.27000 1185.49000  1.89%     -    0s
     0     0 1185.49000    0    2 1208.27000 1185.49000  1.89%     -    0s
     0     0 1185.49000    0   10 1208.27000 1185.49000  1.89%     -    0s
     0     0 1185.49000    0   10 1208.27000 1185.49000  1.89%     -    0s
     0     0 1185.49000    0   10 1208.27000 1185.49000  1.89%     -    0s
     0     0 1185.49000    0    2 1208.27000 1185.49000  1.89%     -    0s
     0     0 1185.49000    0    7 1208.27000 1185.49000  1.89%     -    0s
     0     0 1185.49000    0    8 1208.27000 1185.49000  1.89%     -    0s
     0     0 1185.49000    0    3 1208.27000 1185.49000  1.89%     -    0s
     0     0 1185.49000    0    2 1208.27000 1185.49000  1.89%     -    0s
     0     0 1185.49000    0   17 1208.27000 1185.49000  1.89%     -    0s
     0     0 1185.49000    0    2 1208.27000 1185.49000  1.89%     -    0s
     0     0 1185.49000    0    2 1208.27000 1185.49000  1.89%     -    0s
     0     0 1185.49000    0    2 1208.27000 1185.49000  1.89%     -    0s
     0     0 1185.49000    0   19 1208.27000 1185.49000  1.89%     -    0s
     0     0 1185.49000    0    2 1208.27000 1185.49000  1.89%     -    0s
     0     0 1185.49000    0    2 1208.27000 1185.49000  1.89%     -    0s
     0     0 1185.49000    0    8 1208.27000 1185.49000  1.89%     -    0s
     0     0 1185.49000    0    6 1208.27000 1185.49000  1.89%     -    0s
     0     0 1185.49000    0    6 1208.27000 1185.49000  1.89%     -    0s
     0     0 1185.49000    0    6 1208.27000 1185.49000  1.89%     -    0s
     0     0 1185.49000    0    2 1208.27000 1185.49000  1.89%     -    0s
     0     0 1185.49000    0    2 1208.27000 1185.49000  1.89%     -    0s
     0     2 1185.49000    0    2 1208.27000 1185.49000  1.89%     -    0s

Cutting planes:
  Gomory: 7
  Cover: 75
  Implied bound: 8
  MIR: 22
  StrongCG: 3
  GUB cover: 1
  Inf proof: 2
  Zero half: 3
  RLT: 4

Explored 782 nodes (10718 simplex iterations) in 0.79 seconds (0.65 work units)
Thread count was 20 (of 20 available processors)

Solution count 9: 1208.27 1208.27 1210.78 ... 1852.27

Optimal solution found (tolerance 0.00e+00)
Best objective 1.208270000000e+03, best bound 1.208270000000e+03, gap 0.0000%
Warning: linear constraint 1578 and linear constraint 1579 have the same name "DisjunctiveLeft_0_1_0"

Gurobi 11.0.0 (win64) logging started Fri Sep  6 02:30:25 2024

Set parameter LogFile to value "MTVRPTW2.log"
Set parameter MIPGap to value 0
Gurobi Optimizer version 11.0.0 build v11.0.0rc2 (win64 - Windows 11+.0 (22631.2))

CPU model: 13th Gen Intel(R) Core(TM) i7-13650HX, instruction set [SSE2|AVX|AVX2]
Thread count: 14 physical cores, 20 logical processors, using up to 20 threads

Optimize a model with 2166 rows, 964 columns and 9835 nonzeros
Model fingerprint: 0x3504b8ae
Variable types: 96 continuous, 868 integer (868 binary)
Coefficient statistics:
  Matrix range     [1e+00, 1e+04]
  Objective range  [7e+00, 3e+02]
  Bounds range     [1e+00, 2e+02]
  RHS range        [1e+00, 3e+04]
Presolve removed 1258 rows and 393 columns
Presolve time: 0.03s
Presolved: 908 rows, 571 columns, 6587 nonzeros
Variable types: 84 continuous, 487 integer (487 binary)

Root relaxation: objective 4.742368e+02, 376 iterations, 0.01 seconds (0.01 work units)

    Nodes    |    Current Node    |     Objective Bounds      |     Work
 Expl Unexpl |  Obj  Depth IntInf | Incumbent    BestBd   Gap | It/Node Time

     0     0  474.23675    0   66          -  474.23675      -     -    0s
H    0     0                    1852.2700000  474.23675  74.4%     -    0s
H    0     0                    1814.1700000  474.23675  73.9%     -    0s
     0     0  493.95214    0   77 1814.17000  493.95214  72.8%     -    0s
H    0     0                    1519.0400000  498.47000  67.2%     -    0s
     0     0  498.47000    0   61 1519.04000  498.47000  67.2%     -    0s
     0     0  499.77571    0   54 1519.04000  499.77571  67.1%     -    0s
     0     0  585.49000    0   33 1519.04000  585.49000  61.5%     -    0s
H    0     0                    1485.4900000  585.49000  60.6%     -    0s
     0     0  585.49000    0   46 1485.49000  585.49000  60.6%     -    0s
     0     0  597.07909    0   40 1485.49000  597.07909  59.8%     -    0s
     0     0  597.09682    0   42 1485.49000  597.09682  59.8%     -    0s
     0     0  885.49000    0   11 1485.49000  885.49000  40.4%     -    0s
     0     0  885.49000    0   18 1485.49000  885.49000  40.4%     -    0s
     0     0  885.49000    0   18 1485.49000  885.49000  40.4%     -    0s
     0     0  885.49000    0   11 1485.49000  885.49000  40.4%     -    0s
     0     0  885.49000    0   19 1485.49000  885.49000  40.4%     -    0s
     0     0  885.49000    0   18 1485.49000  885.49000  40.4%     -    0s
     0     0  885.49000    0   18 1485.49000  885.49000  40.4%     -    0s
     0     0  885.49000    0   11 1485.49000  885.49000  40.4%     -    0s
     0     0  886.06477    0   22 1485.49000  886.06477  40.4%     -    0s
     0     0  895.04508    0   23 1485.49000  895.04508  39.7%     -    0s
     0     0 1185.49000    0   21 1485.49000 1185.49000  20.2%     -    0s
     0     0 1185.49000    0   16 1485.49000 1185.49000  20.2%     -    0s
     0     0 1185.49000    0   16 1485.49000 1185.49000  20.2%     -    0s
     0     0 1185.49000    0    3 1485.49000 1185.49000  20.2%     -    0s
     0     0 1185.49000    0    9 1485.49000 1185.49000  20.2%     -    0s
     0     0 1185.49000    0   10 1485.49000 1185.49000  20.2%     -    0s
     0     0 1185.49000    0    6 1485.49000 1185.49000  20.2%     -    0s
     0     0 1185.49000    0    6 1485.49000 1185.49000  20.2%     -    0s
     0     0 1185.49000    0    6 1485.49000 1185.49000  20.2%     -    0s
     0     0 1185.49000    0   12 1485.49000 1185.49000  20.2%     -    0s
     0     0 1185.49000    0   27 1485.49000 1185.49000  20.2%     -    0s
     0     0 1185.49000    0    2 1485.49000 1185.49000  20.2%     -    0s
     0     0 1185.49000    0    2 1485.49000 1185.49000  20.2%     -    0s
     0     0 1185.49000    0   22 1485.49000 1185.49000  20.2%     -    0s
H    0     0                    1210.7800000 1185.49000  2.09%     -    0s
     0     0 1185.49000    0   16 1210.78000 1185.49000  2.09%     -    0s
     0     0 1185.49000    0   16 1210.78000 1185.49000  2.09%     -    0s
     0     0 1185.49000    0    2 1210.78000 1185.49000  2.09%     -    0s
H    0     0                    1208.2700000 1185.49000  1.89%     -    0s
     0     0 1185.49000    0    8 1208.27000 1185.49000  1.89%     -    0s
     0     0 1185.49000    0    2 1208.27000 1185.49000  1.89%     -    0s
     0     0 1185.49000    0   10 1208.27000 1185.49000  1.89%     -    0s
     0     0 1185.49000    0   10 1208.27000 1185.49000  1.89%     -    0s
     0     0 1185.49000    0   10 1208.27000 1185.49000  1.89%     -    0s
     0     0 1185.49000    0    2 1208.27000 1185.49000  1.89%     -    0s
     0     0 1185.49000    0    7 1208.27000 1185.49000  1.89%     -    0s
     0     0 1185.49000    0    8 1208.27000 1185.49000  1.89%     -    0s
     0     0 1185.49000    0    3 1208.27000 1185.49000  1.89%     -    0s
     0     0 1185.49000    0    2 1208.27000 1185.49000  1.89%     -    0s
     0     0 1185.49000    0   17 1208.27000 1185.49000  1.89%     -    0s
     0     0 1185.49000    0    2 1208.27000 1185.49000  1.89%     -    0s
     0     0 1185.49000    0    2 1208.27000 1185.49000  1.89%     -    0s
     0     0 1185.49000    0    2 1208.27000 1185.49000  1.89%     -    0s
     0     0 1185.49000    0   19 1208.27000 1185.49000  1.89%     -    0s
     0     0 1185.49000    0    2 1208.27000 1185.49000  1.89%     -    0s
     0     0 1185.49000    0    2 1208.27000 1185.49000  1.89%     -    0s
     0     0 1185.49000    0    8 1208.27000 1185.49000  1.89%     -    0s
     0     0 1185.49000    0    6 1208.27000 1185.49000  1.89%     -    0s
     0     0 1185.49000    0    6 1208.27000 1185.49000  1.89%     -    0s
     0     0 1185.49000    0    6 1208.27000 1185.49000  1.89%     -    0s
     0     0 1185.49000    0    2 1208.27000 1185.49000  1.89%     -    0s
     0     0 1185.49000    0    2 1208.27000 1185.49000  1.89%     -    0s
     0     2 1185.49000    0    2 1208.27000 1185.49000  1.89%     -    0s

Cutting planes:
  Gomory: 7
  Cover: 75
  Implied bound: 8
  MIR: 22
  StrongCG: 3
  GUB cover: 1
  Inf proof: 2
  Zero half: 3
  RLT: 4

Explored 782 nodes (10718 simplex iterations) in 0.71 seconds (0.65 work units)
Thread count was 20 (of 20 available processors)

Solution count 9: 1208.27 1208.27 1210.78 ... 1852.27

Optimal solution found (tolerance 0.00e+00)
Best objective 1.208270000000e+03, best bound 1.208270000000e+03, gap 0.0000%
Warning: linear constraint 1578 and linear constraint 1579 have the same name "DisjunctiveLeft_0_1_0"

Gurobi 11.0.0 (win64) logging started Fri Sep  6 02:30:33 2024

Set parameter LogFile to value "MTVRPTW2.log"
Set parameter MIPGap to value 0
Gurobi Optimizer version 11.0.0 build v11.0.0rc2 (win64 - Windows 11+.0 (22631.2))

CPU model: 13th Gen Intel(R) Core(TM) i7-13650HX, instruction set [SSE2|AVX|AVX2]
Thread count: 14 physical cores, 20 logical processors, using up to 20 threads

Optimize a model with 2166 rows, 964 columns and 9835 nonzeros
Model fingerprint: 0x3504b8ae
Variable types: 96 continuous, 868 integer (868 binary)
Coefficient statistics:
  Matrix range     [1e+00, 1e+04]
  Objective range  [7e+00, 3e+02]
  Bounds range     [1e+00, 2e+02]
  RHS range        [1e+00, 3e+04]
Presolve removed 1258 rows and 393 columns
Presolve time: 0.03s
Presolved: 908 rows, 571 columns, 6587 nonzeros
Variable types: 84 continuous, 487 integer (487 binary)

Root relaxation: objective 4.742368e+02, 376 iterations, 0.01 seconds (0.01 work units)

    Nodes    |    Current Node    |     Objective Bounds      |     Work
 Expl Unexpl |  Obj  Depth IntInf | Incumbent    BestBd   Gap | It/Node Time

     0     0  474.23675    0   66          -  474.23675      -     -    0s
H    0     0                    1852.2700000  474.23675  74.4%     -    0s
H    0     0                    1814.1700000  474.23675  73.9%     -    0s
     0     0  493.95214    0   77 1814.17000  493.95214  72.8%     -    0s
H    0     0                    1519.0400000  498.47000  67.2%     -    0s
     0     0  498.47000    0   61 1519.04000  498.47000  67.2%     -    0s
     0     0  499.77571    0   54 1519.04000  499.77571  67.1%     -    0s
     0     0  585.49000    0   33 1519.04000  585.49000  61.5%     -    0s
H    0     0                    1485.4900000  585.49000  60.6%     -    0s
     0     0  585.49000    0   46 1485.49000  585.49000  60.6%     -    0s
     0     0  597.07909    0   40 1485.49000  597.07909  59.8%     -    0s
     0     0  597.09682    0   42 1485.49000  597.09682  59.8%     -    0s
     0     0  885.49000    0   11 1485.49000  885.49000  40.4%     -    0s
     0     0  885.49000    0   18 1485.49000  885.49000  40.4%     -    0s
     0     0  885.49000    0   18 1485.49000  885.49000  40.4%     -    0s
     0     0  885.49000    0   11 1485.49000  885.49000  40.4%     -    0s
     0     0  885.49000    0   19 1485.49000  885.49000  40.4%     -    0s
     0     0  885.49000    0   18 1485.49000  885.49000  40.4%     -    0s
     0     0  885.49000    0   18 1485.49000  885.49000  40.4%     -    0s
     0     0  885.49000    0   11 1485.49000  885.49000  40.4%     -    0s
     0     0  886.06477    0   22 1485.49000  886.06477  40.4%     -    0s
     0     0  895.04508    0   23 1485.49000  895.04508  39.7%     -    0s
     0     0 1185.49000    0   21 1485.49000 1185.49000  20.2%     -    0s
     0     0 1185.49000    0   16 1485.49000 1185.49000  20.2%     -    0s
     0     0 1185.49000    0   16 1485.49000 1185.49000  20.2%     -    0s
     0     0 1185.49000    0    3 1485.49000 1185.49000  20.2%     -    0s
     0     0 1185.49000    0    9 1485.49000 1185.49000  20.2%     -    0s
     0     0 1185.49000    0   10 1485.49000 1185.49000  20.2%     -    0s
     0     0 1185.49000    0    6 1485.49000 1185.49000  20.2%     -    0s
     0     0 1185.49000    0    6 1485.49000 1185.49000  20.2%     -    0s
     0     0 1185.49000    0    6 1485.49000 1185.49000  20.2%     -    0s
     0     0 1185.49000    0   12 1485.49000 1185.49000  20.2%     -    0s
     0     0 1185.49000    0   27 1485.49000 1185.49000  20.2%     -    0s
     0     0 1185.49000    0    2 1485.49000 1185.49000  20.2%     -    0s
     0     0 1185.49000    0    2 1485.49000 1185.49000  20.2%     -    0s
     0     0 1185.49000    0   22 1485.49000 1185.49000  20.2%     -    0s
H    0     0                    1210.7800000 1185.49000  2.09%     -    0s
     0     0 1185.49000    0   16 1210.78000 1185.49000  2.09%     -    0s
     0     0 1185.49000    0   16 1210.78000 1185.49000  2.09%     -    0s
     0     0 1185.49000    0    2 1210.78000 1185.49000  2.09%     -    0s
H    0     0                    1208.2700000 1185.49000  1.89%     -    0s
     0     0 1185.49000    0    8 1208.27000 1185.49000  1.89%     -    0s
     0     0 1185.49000    0    2 1208.27000 1185.49000  1.89%     -    0s
     0     0 1185.49000    0   10 1208.27000 1185.49000  1.89%     -    0s
     0     0 1185.49000    0   10 1208.27000 1185.49000  1.89%     -    0s
     0     0 1185.49000    0   10 1208.27000 1185.49000  1.89%     -    0s
     0     0 1185.49000    0    2 1208.27000 1185.49000  1.89%     -    0s
     0     0 1185.49000    0    7 1208.27000 1185.49000  1.89%     -    0s
     0     0 1185.49000    0    8 1208.27000 1185.49000  1.89%     -    0s
     0     0 1185.49000    0    3 1208.27000 1185.49000  1.89%     -    0s
     0     0 1185.49000    0    2 1208.27000 1185.49000  1.89%     -    0s
     0     0 1185.49000    0   17 1208.27000 1185.49000  1.89%     -    0s
     0     0 1185.49000    0    2 1208.27000 1185.49000  1.89%     -    0s
     0     0 1185.49000    0    2 1208.27000 1185.49000  1.89%     -    0s
     0     0 1185.49000    0    2 1208.27000 1185.49000  1.89%     -    0s
     0     0 1185.49000    0   19 1208.27000 1185.49000  1.89%     -    0s
     0     0 1185.49000    0    2 1208.27000 1185.49000  1.89%     -    0s
     0     0 1185.49000    0    2 1208.27000 1185.49000  1.89%     -    0s
     0     0 1185.49000    0    8 1208.27000 1185.49000  1.89%     -    0s
     0     0 1185.49000    0    6 1208.27000 1185.49000  1.89%     -    0s
     0     0 1185.49000    0    6 1208.27000 1185.49000  1.89%     -    0s
     0     0 1185.49000    0    6 1208.27000 1185.49000  1.89%     -    0s
     0     0 1185.49000    0    2 1208.27000 1185.49000  1.89%     -    0s
     0     0 1185.49000    0    2 1208.27000 1185.49000  1.89%     -    0s
     0     2 1185.49000    0    2 1208.27000 1185.49000  1.89%     -    0s

Cutting planes:
  Gomory: 7
  Cover: 75
  Implied bound: 8
  MIR: 22
  StrongCG: 3
  GUB cover: 1
  Inf proof: 2
  Zero half: 3
  RLT: 4

Explored 782 nodes (10718 simplex iterations) in 0.77 seconds (0.65 work units)
Thread count was 20 (of 20 available processors)

Solution count 9: 1208.27 1208.27 1210.78 ... 1852.27

Optimal solution found (tolerance 0.00e+00)
Best objective 1.208270000000e+03, best bound 1.208270000000e+03, gap 0.0000%
Warning: linear constraint 1578 and linear constraint 1579 have the same name "DisjunctiveLeft_0_1_0"

Gurobi 11.0.0 (win64) logging started Fri Sep  6 02:30:35 2024

Set parameter LogFile to value "MTVRPTW2.log"
Set parameter MIPGap to value 0
Gurobi Optimizer version 11.0.0 build v11.0.0rc2 (win64 - Windows 11+.0 (22631.2))

CPU model: 13th Gen Intel(R) Core(TM) i7-13650HX, instruction set [SSE2|AVX|AVX2]
Thread count: 14 physical cores, 20 logical processors, using up to 20 threads

Optimize a model with 2166 rows, 964 columns and 9835 nonzeros
Model fingerprint: 0x3504b8ae
Variable types: 96 continuous, 868 integer (868 binary)
Coefficient statistics:
  Matrix range     [1e+00, 1e+04]
  Objective range  [7e+00, 3e+02]
  Bounds range     [1e+00, 2e+02]
  RHS range        [1e+00, 3e+04]
Presolve removed 1258 rows and 393 columns
Presolve time: 0.03s
Presolved: 908 rows, 571 columns, 6587 nonzeros
Variable types: 84 continuous, 487 integer (487 binary)

Root relaxation: objective 4.742368e+02, 376 iterations, 0.01 seconds (0.01 work units)

    Nodes    |    Current Node    |     Objective Bounds      |     Work
 Expl Unexpl |  Obj  Depth IntInf | Incumbent    BestBd   Gap | It/Node Time

     0     0  474.23675    0   66          -  474.23675      -     -    0s
H    0     0                    1852.2700000  474.23675  74.4%     -    0s
H    0     0                    1814.1700000  474.23675  73.9%     -    0s
     0     0  493.95214    0   77 1814.17000  493.95214  72.8%     -    0s
H    0     0                    1519.0400000  498.47000  67.2%     -    0s
     0     0  498.47000    0   61 1519.04000  498.47000  67.2%     -    0s
     0     0  499.77571    0   54 1519.04000  499.77571  67.1%     -    0s
     0     0  585.49000    0   33 1519.04000  585.49000  61.5%     -    0s
H    0     0                    1485.4900000  585.49000  60.6%     -    0s
     0     0  585.49000    0   46 1485.49000  585.49000  60.6%     -    0s
     0     0  597.07909    0   40 1485.49000  597.07909  59.8%     -    0s
     0     0  597.09682    0   42 1485.49000  597.09682  59.8%     -    0s
     0     0  885.49000    0   11 1485.49000  885.49000  40.4%     -    0s
     0     0  885.49000    0   18 1485.49000  885.49000  40.4%     -    0s
     0     0  885.49000    0   18 1485.49000  885.49000  40.4%     -    0s
     0     0  885.49000    0   11 1485.49000  885.49000  40.4%     -    0s
     0     0  885.49000    0   19 1485.49000  885.49000  40.4%     -    0s
     0     0  885.49000    0   18 1485.49000  885.49000  40.4%     -    0s
     0     0  885.49000    0   18 1485.49000  885.49000  40.4%     -    0s
     0     0  885.49000    0   11 1485.49000  885.49000  40.4%     -    0s
     0     0  886.06477    0   22 1485.49000  886.06477  40.4%     -    0s
     0     0  895.04508    0   23 1485.49000  895.04508  39.7%     -    0s
     0     0 1185.49000    0   21 1485.49000 1185.49000  20.2%     -    0s
     0     0 1185.49000    0   16 1485.49000 1185.49000  20.2%     -    0s
     0     0 1185.49000    0   16 1485.49000 1185.49000  20.2%     -    0s
     0     0 1185.49000    0    3 1485.49000 1185.49000  20.2%     -    0s
     0     0 1185.49000    0    9 1485.49000 1185.49000  20.2%     -    0s
     0     0 1185.49000    0   10 1485.49000 1185.49000  20.2%     -    0s
     0     0 1185.49000    0    6 1485.49000 1185.49000  20.2%     -    0s
     0     0 1185.49000    0    6 1485.49000 1185.49000  20.2%     -    0s
     0     0 1185.49000    0    6 1485.49000 1185.49000  20.2%     -    0s
     0     0 1185.49000    0   12 1485.49000 1185.49000  20.2%     -    0s
     0     0 1185.49000    0   27 1485.49000 1185.49000  20.2%     -    0s
     0     0 1185.49000    0    2 1485.49000 1185.49000  20.2%     -    0s
     0     0 1185.49000    0    2 1485.49000 1185.49000  20.2%     -    0s
     0     0 1185.49000    0   22 1485.49000 1185.49000  20.2%     -    0s
H    0     0                    1210.7800000 1185.49000  2.09%     -    0s
     0     0 1185.49000    0   16 1210.78000 1185.49000  2.09%     -    0s
     0     0 1185.49000    0   16 1210.78000 1185.49000  2.09%     -    0s
     0     0 1185.49000    0    2 1210.78000 1185.49000  2.09%     -    0s
H    0     0                    1208.2700000 1185.49000  1.89%     -    0s
     0     0 1185.49000    0    8 1208.27000 1185.49000  1.89%     -    0s
     0     0 1185.49000    0    2 1208.27000 1185.49000  1.89%     -    0s
     0     0 1185.49000    0   10 1208.27000 1185.49000  1.89%     -    0s
     0     0 1185.49000    0   10 1208.27000 1185.49000  1.89%     -    0s
     0     0 1185.49000    0   10 1208.27000 1185.49000  1.89%     -    0s
     0     0 1185.49000    0    2 1208.27000 1185.49000  1.89%     -    0s
     0     0 1185.49000    0    7 1208.27000 1185.49000  1.89%     -    0s
     0     0 1185.49000    0    8 1208.27000 1185.49000  1.89%     -    0s
     0     0 1185.49000    0    3 1208.27000 1185.49000  1.89%     -    0s
     0     0 1185.49000    0    2 1208.27000 1185.49000  1.89%     -    0s
     0     0 1185.49000    0   17 1208.27000 1185.49000  1.89%     -    0s
     0     0 1185.49000    0    2 1208.27000 1185.49000  1.89%     -    0s
     0     0 1185.49000    0    2 1208.27000 1185.49000  1.89%     -    0s
     0     0 1185.49000    0    2 1208.27000 1185.49000  1.89%     -    0s
     0     0 1185.49000    0   19 1208.27000 1185.49000  1.89%     -    0s
     0     0 1185.49000    0    2 1208.27000 1185.49000  1.89%     -    0s
     0     0 1185.49000    0    2 1208.27000 1185.49000  1.89%     -    0s
     0     0 1185.49000    0    8 1208.27000 1185.49000  1.89%     -    0s
     0     0 1185.49000    0    6 1208.27000 1185.49000  1.89%     -    0s
     0     0 1185.49000    0    6 1208.27000 1185.49000  1.89%     -    0s
     0     0 1185.49000    0    6 1208.27000 1185.49000  1.89%     -    0s
     0     0 1185.49000    0    2 1208.27000 1185.49000  1.89%     -    0s
     0     0 1185.49000    0    2 1208.27000 1185.49000  1.89%     -    0s
     0     2 1185.49000    0    2 1208.27000 1185.49000  1.89%     -    0s

Cutting planes:
  Gomory: 7
  Cover: 75
  Implied bound: 8
  MIR: 22
  StrongCG: 3
  GUB cover: 1
  Inf proof: 2
  Zero half: 3
  RLT: 4

Explored 782 nodes (10718 simplex iterations) in 0.79 seconds (0.65 work units)
Thread count was 20 (of 20 available processors)

Solution count 9: 1208.27 1208.27 1210.78 ... 1852.27

Optimal solution found (tolerance 0.00e+00)
Best objective 1.208270000000e+03, best bound 1.208270000000e+03, gap 0.0000%
Warning: linear constraint 1578 and linear constraint 1579 have the same name "DisjunctiveLeft_0_1_0"

Gurobi 11.0.0 (win64) logging started Fri Sep  6 02:31:41 2024

Set parameter LogFile to value "MTVRPTW2.log"
Set parameter MIPGap to value 0
Gurobi Optimizer version 11.0.0 build v11.0.0rc2 (win64 - Windows 11+.0 (22631.2))

CPU model: 13th Gen Intel(R) Core(TM) i7-13650HX, instruction set [SSE2|AVX|AVX2]
Thread count: 14 physical cores, 20 logical processors, using up to 20 threads

Optimize a model with 2166 rows, 964 columns and 9835 nonzeros
Model fingerprint: 0x3504b8ae
Variable types: 96 continuous, 868 integer (868 binary)
Coefficient statistics:
  Matrix range     [1e+00, 1e+04]
  Objective range  [7e+00, 3e+02]
  Bounds range     [1e+00, 2e+02]
  RHS range        [1e+00, 3e+04]
Presolve removed 1258 rows and 393 columns
Presolve time: 0.03s
Presolved: 908 rows, 571 columns, 6587 nonzeros
Variable types: 84 continuous, 487 integer (487 binary)

Root relaxation: objective 4.742368e+02, 376 iterations, 0.01 seconds (0.01 work units)

    Nodes    |    Current Node    |     Objective Bounds      |     Work
 Expl Unexpl |  Obj  Depth IntInf | Incumbent    BestBd   Gap | It/Node Time

     0     0  474.23675    0   66          -  474.23675      -     -    0s
H    0     0                    1852.2700000  474.23675  74.4%     -    0s
H    0     0                    1814.1700000  474.23675  73.9%     -    0s
     0     0  493.95214    0   77 1814.17000  493.95214  72.8%     -    0s
H    0     0                    1519.0400000  498.47000  67.2%     -    0s
     0     0  498.47000    0   61 1519.04000  498.47000  67.2%     -    0s
     0     0  499.77571    0   54 1519.04000  499.77571  67.1%     -    0s
     0     0  585.49000    0   33 1519.04000  585.49000  61.5%     -    0s
H    0     0                    1485.4900000  585.49000  60.6%     -    0s
     0     0  585.49000    0   46 1485.49000  585.49000  60.6%     -    0s
     0     0  597.07909    0   40 1485.49000  597.07909  59.8%     -    0s
     0     0  597.09682    0   42 1485.49000  597.09682  59.8%     -    0s
     0     0  885.49000    0   11 1485.49000  885.49000  40.4%     -    0s
     0     0  885.49000    0   18 1485.49000  885.49000  40.4%     -    0s
     0     0  885.49000    0   18 1485.49000  885.49000  40.4%     -    0s
     0     0  885.49000    0   11 1485.49000  885.49000  40.4%     -    0s
     0     0  885.49000    0   19 1485.49000  885.49000  40.4%     -    0s
     0     0  885.49000    0   18 1485.49000  885.49000  40.4%     -    0s
     0     0  885.49000    0   18 1485.49000  885.49000  40.4%     -    0s
     0     0  885.49000    0   11 1485.49000  885.49000  40.4%     -    0s
     0     0  886.06477    0   22 1485.49000  886.06477  40.4%     -    0s
     0     0  895.04508    0   23 1485.49000  895.04508  39.7%     -    0s
     0     0 1185.49000    0   21 1485.49000 1185.49000  20.2%     -    0s
     0     0 1185.49000    0   16 1485.49000 1185.49000  20.2%     -    0s
     0     0 1185.49000    0   16 1485.49000 1185.49000  20.2%     -    0s
     0     0 1185.49000    0    3 1485.49000 1185.49000  20.2%     -    0s
     0     0 1185.49000    0    9 1485.49000 1185.49000  20.2%     -    0s
     0     0 1185.49000    0   10 1485.49000 1185.49000  20.2%     -    0s
     0     0 1185.49000    0    6 1485.49000 1185.49000  20.2%     -    0s
     0     0 1185.49000    0    6 1485.49000 1185.49000  20.2%     -    0s
     0     0 1185.49000    0    6 1485.49000 1185.49000  20.2%     -    0s
     0     0 1185.49000    0   12 1485.49000 1185.49000  20.2%     -    0s
     0     0 1185.49000    0   27 1485.49000 1185.49000  20.2%     -    0s
     0     0 1185.49000    0    2 1485.49000 1185.49000  20.2%     -    0s
     0     0 1185.49000    0    2 1485.49000 1185.49000  20.2%     -    0s
     0     0 1185.49000    0   22 1485.49000 1185.49000  20.2%     -    0s
H    0     0                    1210.7800000 1185.49000  2.09%     -    0s
     0     0 1185.49000    0   16 1210.78000 1185.49000  2.09%     -    0s
     0     0 1185.49000    0   16 1210.78000 1185.49000  2.09%     -    0s
     0     0 1185.49000    0    2 1210.78000 1185.49000  2.09%     -    0s
H    0     0                    1208.2700000 1185.49000  1.89%     -    0s
     0     0 1185.49000    0    8 1208.27000 1185.49000  1.89%     -    0s
     0     0 1185.49000    0    2 1208.27000 1185.49000  1.89%     -    0s
     0     0 1185.49000    0   10 1208.27000 1185.49000  1.89%     -    0s
     0     0 1185.49000    0   10 1208.27000 1185.49000  1.89%     -    0s
     0     0 1185.49000    0   10 1208.27000 1185.49000  1.89%     -    0s
     0     0 1185.49000    0    2 1208.27000 1185.49000  1.89%     -    0s
     0     0 1185.49000    0    7 1208.27000 1185.49000  1.89%     -    0s
     0     0 1185.49000    0    8 1208.27000 1185.49000  1.89%     -    0s
     0     0 1185.49000    0    3 1208.27000 1185.49000  1.89%     -    0s
     0     0 1185.49000    0    2 1208.27000 1185.49000  1.89%     -    0s
     0     0 1185.49000    0   17 1208.27000 1185.49000  1.89%     -    0s
     0     0 1185.49000    0    2 1208.27000 1185.49000  1.89%     -    0s
     0     0 1185.49000    0    2 1208.27000 1185.49000  1.89%     -    0s
     0     0 1185.49000    0    2 1208.27000 1185.49000  1.89%     -    0s
     0     0 1185.49000    0   19 1208.27000 1185.49000  1.89%     -    0s
     0     0 1185.49000    0    2 1208.27000 1185.49000  1.89%     -    0s
     0     0 1185.49000    0    2 1208.27000 1185.49000  1.89%     -    0s
     0     0 1185.49000    0    8 1208.27000 1185.49000  1.89%     -    0s
     0     0 1185.49000    0    6 1208.27000 1185.49000  1.89%     -    0s
     0     0 1185.49000    0    6 1208.27000 1185.49000  1.89%     -    0s
     0     0 1185.49000    0    6 1208.27000 1185.49000  1.89%     -    0s
     0     0 1185.49000    0    2 1208.27000 1185.49000  1.89%     -    0s
     0     0 1185.49000    0    2 1208.27000 1185.49000  1.89%     -    0s
     0     2 1185.49000    0    2 1208.27000 1185.49000  1.89%     -    0s

Cutting planes:
  Gomory: 7
  Cover: 75
  Implied bound: 8
  MIR: 22
  StrongCG: 3
  GUB cover: 1
  Inf proof: 2
  Zero half: 3
  RLT: 4

Explored 782 nodes (10718 simplex iterations) in 0.73 seconds (0.65 work units)
Thread count was 20 (of 20 available processors)

Solution count 9: 1208.27 1208.27 1210.78 ... 1852.27

Optimal solution found (tolerance 0.00e+00)
Best objective 1.208270000000e+03, best bound 1.208270000000e+03, gap 0.0000%
Warning: linear constraint 1578 and linear constraint 1579 have the same name "DisjunctiveLeft_0_1_0"

Gurobi 11.0.0 (win64) logging started Fri Sep  6 02:33:56 2024

Set parameter LogFile to value "MTVRPTW2.log"
Set parameter MIPGap to value 0
Gurobi Optimizer version 11.0.0 build v11.0.0rc2 (win64 - Windows 11+.0 (22631.2))

CPU model: 13th Gen Intel(R) Core(TM) i7-13650HX, instruction set [SSE2|AVX|AVX2]
Thread count: 14 physical cores, 20 logical processors, using up to 20 threads

Optimize a model with 2166 rows, 1216 columns and 9835 nonzeros
Model fingerprint: 0x86457fa2
Variable types: 96 continuous, 1120 integer (1120 binary)
Coefficient statistics:
  Matrix range     [1e+00, 1e+04]
  Objective range  [7e+00, 3e+02]
  Bounds range     [1e+00, 2e+02]
  RHS range        [1e+00, 3e+04]
Presolve removed 1258 rows and 393 columns
Presolve time: 0.04s
Presolved: 908 rows, 823 columns, 6587 nonzeros
Variable types: 84 continuous, 739 integer (739 binary)

Root relaxation: objective 4.742368e+02, 429 iterations, 0.02 seconds (0.01 work units)

    Nodes    |    Current Node    |     Objective Bounds      |     Work
 Expl Unexpl |  Obj  Depth IntInf | Incumbent    BestBd   Gap | It/Node Time

     0     0  474.23675    0   64          -  474.23675      -     -    0s
H    0     0                    2150.3800000  474.23675  77.9%     -    0s
H    0     0                    1850.3800000  474.23675  74.4%     -    0s
H    0     0                    1788.4700000  474.23675  73.5%     -    0s
H    0     0                    1550.3800000  474.23675  69.4%     -    0s
     0     0  493.95214    0   62 1550.38000  493.95214  68.1%     -    0s
H    0     0                    1512.0800000  493.95214  67.3%     -    0s
H    0     0                    1485.4900000  493.95214  66.7%     -    0s
     0     0  499.77571    0   59 1485.49000  499.77571  66.4%     -    0s
     0     0  499.77571    0   65 1485.49000  499.77571  66.4%     -    0s
     0     0  499.77571    0   66 1485.49000  499.77571  66.4%     -    0s
     0     0  499.77571    0   65 1485.49000  499.77571  66.4%     -    0s
     0     0  499.77571    0   65 1485.49000  499.77571  66.4%     -    0s
     0     0  499.77571    0   53 1485.49000  499.77571  66.4%     -    0s
     0     0  499.77571    0   45 1485.49000  499.77571  66.4%     -    0s
     0     0  499.77571    0   47 1485.49000  499.77571  66.4%     -    0s
     0     0  499.77571    0   45 1485.49000  499.77571  66.4%     -    0s
     0     0  583.59286    0   49 1485.49000  583.59286  60.7%     -    0s
     0     0  583.59286    0   39 1485.49000  583.59286  60.7%     -    0s
     0     0  583.59286    0   40 1485.49000  583.59286  60.7%     -    0s
     0     0  583.59286    0   47 1485.49000  583.59286  60.7%     -    0s
     0     0  583.59286    0   45 1485.49000  583.59286  60.7%     -    0s
     0     0  583.59286    0   40 1485.49000  583.59286  60.7%     -    0s
     0     0  585.49000    0   56 1485.49000  585.49000  60.6%     -    0s
     0     0  585.49000    0   69 1485.49000  585.49000  60.6%     -    0s
     0     0  639.66025    0   44 1485.49000  639.66025  56.9%     -    0s
     0     0  885.49000    0   29 1485.49000  885.49000  40.4%     -    0s
     0     0  885.49000    0   29 1485.49000  885.49000  40.4%     -    0s
     0     0  885.49000    0    6 1485.49000  885.49000  40.4%     -    0s
     0     0  885.49000    0   16 1485.49000  885.49000  40.4%     -    0s
     0     0  885.49000    0   19 1485.49000  885.49000  40.4%     -    0s
H    0     0                    1208.2700000  885.49000  26.7%     -    0s
     0     0  885.49000    0   22 1208.27000  885.49000  26.7%     -    0s
     0     0  885.49000    0   21 1208.27000  885.49000  26.7%     -    0s
     0     0  885.49000    0   21 1208.27000  885.49000  26.7%     -    0s
     0     0  885.49000    0   13 1208.27000  885.49000  26.7%     -    0s
     0     0  885.49000    0   12 1208.27000  885.49000  26.7%     -    0s
     0     0  885.49000    0   11 1208.27000  885.49000  26.7%     -    1s
     0     0  885.49000    0   32 1208.27000  885.49000  26.7%     -    1s
     0     0  895.04508    0   29 1208.27000  895.04508  25.9%     -    1s
     0     0 1185.49000    0   17 1208.27000 1185.49000  1.89%     -    1s
     0     0 1185.49000    0    3 1208.27000 1185.49000  1.89%     -    1s
     0     0 1185.49000    0   10 1208.27000 1185.49000  1.89%     -    1s
     0     0 1185.49000    0   10 1208.27000 1185.49000  1.89%     -    1s
     0     0 1185.49000    0    5 1208.27000 1185.49000  1.89%     -    1s
     0     0 1185.49000    0   10 1208.27000 1185.49000  1.89%     -    1s
     0     0 1185.49000    0   12 1208.27000 1185.49000  1.89%     -    1s
     0     0 1185.49000    0   10 1208.27000 1185.49000  1.89%     -    1s
     0     0 1185.49000    0   10 1208.27000 1185.49000  1.89%     -    1s
     0     0 1185.49000    0    3 1208.27000 1185.49000  1.89%     -    1s
     0     0 1185.49000    0    8 1208.27000 1185.49000  1.89%     -    1s
     0     0 1185.49000    0    8 1208.27000 1185.49000  1.89%     -    1s
     0     0 1185.49000    0   12 1208.27000 1185.49000  1.89%     -    1s
     0     0 1185.49000    0    3 1208.27000 1185.49000  1.89%     -    1s
     0     0 1185.49000    0   23 1208.27000 1185.49000  1.89%     -    1s
     0     0 1185.49000    0   23 1208.27000 1185.49000  1.89%     -    1s
     0     0 1185.49000    0    4 1208.27000 1185.49000  1.89%     -    1s
     0     0 1185.49000    0    2 1208.27000 1185.49000  1.89%     -    1s
     0     0 1185.49000    0    9 1208.27000 1185.49000  1.89%     -    1s
     0     0 1185.49000    0    8 1208.27000 1185.49000  1.89%     -    1s
     0     0 1185.49000    0    8 1208.27000 1185.49000  1.89%     -    1s
     0     2 1185.49000    0    8 1208.27000 1185.49000  1.89%     -    1s

Cutting planes:
  Gomory: 6
  Cover: 140
  Implied bound: 18
  MIR: 25
  StrongCG: 2
  GUB cover: 1
  Inf proof: 2
  Zero half: 1
  RLT: 1

Explored 1844 nodes (23367 simplex iterations) in 1.45 seconds (0.82 work units)
Thread count was 20 (of 20 available processors)

Solution count 10: 1208.27 1485.49 1508.27 ... 2150.38

Optimal solution found (tolerance 0.00e+00)
Best objective 1.208270000000e+03, best bound 1.208270000000e+03, gap 0.0000%
Warning: linear constraint 1578 and linear constraint 1579 have the same name "DisjunctiveLeft_0_1_0"

Gurobi 11.0.0 (win64) logging started Fri Sep  6 02:44:13 2024

Set parameter LogFile to value "MTVRPTW2.log"
Set parameter MIPGap to value 0
Gurobi Optimizer version 11.0.0 build v11.0.0rc2 (win64 - Windows 11+.0 (22631.2))

CPU model: 13th Gen Intel(R) Core(TM) i7-13650HX, instruction set [SSE2|AVX|AVX2]
Thread count: 14 physical cores, 20 logical processors, using up to 20 threads

Optimize a model with 2166 rows, 964 columns and 9835 nonzeros
Model fingerprint: 0x3504b8ae
Variable types: 96 continuous, 868 integer (868 binary)
Coefficient statistics:
  Matrix range     [1e+00, 1e+04]
  Objective range  [7e+00, 3e+02]
  Bounds range     [1e+00, 2e+02]
  RHS range        [1e+00, 3e+04]
Presolve removed 1258 rows and 393 columns
Presolve time: 0.04s
Presolved: 908 rows, 571 columns, 6587 nonzeros
Variable types: 84 continuous, 487 integer (487 binary)

Root relaxation: objective 4.742368e+02, 376 iterations, 0.01 seconds (0.01 work units)

    Nodes    |    Current Node    |     Objective Bounds      |     Work
 Expl Unexpl |  Obj  Depth IntInf | Incumbent    BestBd   Gap | It/Node Time

     0     0  474.23675    0   66          -  474.23675      -     -    0s
H    0     0                    1852.2700000  474.23675  74.4%     -    0s
H    0     0                    1814.1700000  474.23675  73.9%     -    0s
     0     0  493.95214    0   77 1814.17000  493.95214  72.8%     -    0s
H    0     0                    1519.0400000  498.47000  67.2%     -    0s
     0     0  498.47000    0   61 1519.04000  498.47000  67.2%     -    0s
     0     0  499.77571    0   54 1519.04000  499.77571  67.1%     -    0s
     0     0  585.49000    0   33 1519.04000  585.49000  61.5%     -    0s
H    0     0                    1485.4900000  585.49000  60.6%     -    0s
     0     0  585.49000    0   46 1485.49000  585.49000  60.6%     -    0s
     0     0  597.07909    0   40 1485.49000  597.07909  59.8%     -    0s
     0     0  597.09682    0   42 1485.49000  597.09682  59.8%     -    0s
     0     0  885.49000    0   11 1485.49000  885.49000  40.4%     -    0s
     0     0  885.49000    0   18 1485.49000  885.49000  40.4%     -    0s
     0     0  885.49000    0   18 1485.49000  885.49000  40.4%     -    0s
     0     0  885.49000    0   11 1485.49000  885.49000  40.4%     -    0s
     0     0  885.49000    0   19 1485.49000  885.49000  40.4%     -    0s
     0     0  885.49000    0   18 1485.49000  885.49000  40.4%     -    0s
     0     0  885.49000    0   18 1485.49000  885.49000  40.4%     -    0s
     0     0  885.49000    0   11 1485.49000  885.49000  40.4%     -    0s
     0     0  886.06477    0   22 1485.49000  886.06477  40.4%     -    0s
     0     0  895.04508    0   23 1485.49000  895.04508  39.7%     -    0s
     0     0 1185.49000    0   21 1485.49000 1185.49000  20.2%     -    0s
     0     0 1185.49000    0   16 1485.49000 1185.49000  20.2%     -    0s
     0     0 1185.49000    0   16 1485.49000 1185.49000  20.2%     -    0s
     0     0 1185.49000    0    3 1485.49000 1185.49000  20.2%     -    0s
     0     0 1185.49000    0    9 1485.49000 1185.49000  20.2%     -    0s
     0     0 1185.49000    0   10 1485.49000 1185.49000  20.2%     -    0s
     0     0 1185.49000    0    6 1485.49000 1185.49000  20.2%     -    0s
     0     0 1185.49000    0    6 1485.49000 1185.49000  20.2%     -    0s
     0     0 1185.49000    0    6 1485.49000 1185.49000  20.2%     -    0s
     0     0 1185.49000    0   12 1485.49000 1185.49000  20.2%     -    0s
     0     0 1185.49000    0   27 1485.49000 1185.49000  20.2%     -    0s
     0     0 1185.49000    0    2 1485.49000 1185.49000  20.2%     -    0s
     0     0 1185.49000    0    2 1485.49000 1185.49000  20.2%     -    0s
     0     0 1185.49000    0   22 1485.49000 1185.49000  20.2%     -    0s
H    0     0                    1210.7800000 1185.49000  2.09%     -    0s
     0     0 1185.49000    0   16 1210.78000 1185.49000  2.09%     -    0s
     0     0 1185.49000    0   16 1210.78000 1185.49000  2.09%     -    0s
     0     0 1185.49000    0    2 1210.78000 1185.49000  2.09%     -    0s
H    0     0                    1208.2700000 1185.49000  1.89%     -    0s
     0     0 1185.49000    0    8 1208.27000 1185.49000  1.89%     -    0s
     0     0 1185.49000    0    2 1208.27000 1185.49000  1.89%     -    0s
     0     0 1185.49000    0   10 1208.27000 1185.49000  1.89%     -    0s
     0     0 1185.49000    0   10 1208.27000 1185.49000  1.89%     -    0s
     0     0 1185.49000    0   10 1208.27000 1185.49000  1.89%     -    0s
     0     0 1185.49000    0    2 1208.27000 1185.49000  1.89%     -    1s
     0     0 1185.49000    0    7 1208.27000 1185.49000  1.89%     -    1s
     0     0 1185.49000    0    8 1208.27000 1185.49000  1.89%     -    1s
     0     0 1185.49000    0    3 1208.27000 1185.49000  1.89%     -    1s
     0     0 1185.49000    0    2 1208.27000 1185.49000  1.89%     -    1s
     0     0 1185.49000    0   17 1208.27000 1185.49000  1.89%     -    1s
     0     0 1185.49000    0    2 1208.27000 1185.49000  1.89%     -    1s
     0     0 1185.49000    0    2 1208.27000 1185.49000  1.89%     -    1s
     0     0 1185.49000    0    2 1208.27000 1185.49000  1.89%     -    1s
     0     0 1185.49000    0   19 1208.27000 1185.49000  1.89%     -    1s
     0     0 1185.49000    0    2 1208.27000 1185.49000  1.89%     -    1s
     0     0 1185.49000    0    2 1208.27000 1185.49000  1.89%     -    1s
     0     0 1185.49000    0    8 1208.27000 1185.49000  1.89%     -    1s
     0     0 1185.49000    0    6 1208.27000 1185.49000  1.89%     -    1s
     0     0 1185.49000    0    6 1208.27000 1185.49000  1.89%     -    1s
     0     0 1185.49000    0    6 1208.27000 1185.49000  1.89%     -    1s
     0     0 1185.49000    0    2 1208.27000 1185.49000  1.89%     -    1s
     0     0 1185.49000    0    2 1208.27000 1185.49000  1.89%     -    1s
     0     2 1185.49000    0    2 1208.27000 1185.49000  1.89%     -    1s

Cutting planes:
  Gomory: 7
  Cover: 75
  Implied bound: 8
  MIR: 22
  StrongCG: 3
  GUB cover: 1
  Inf proof: 2
  Zero half: 3
  RLT: 4

Explored 782 nodes (10718 simplex iterations) in 1.39 seconds (0.65 work units)
Thread count was 20 (of 20 available processors)

Solution count 9: 1208.27 1208.27 1210.78 ... 1852.27

Optimal solution found (tolerance 0.00e+00)
Best objective 1.208270000000e+03, best bound 1.208270000000e+03, gap 0.0000%
Warning: linear constraint 1578 and linear constraint 1579 have the same name "DisjunctiveLeft_0_1_0"
